<?xml version="1.0" encoding="UTF-8"?>
<!-- Generated by org.testng.reporters.JUnitReportReporter -->
<testsuite hostname="DESKTOP-88991P0" failures="0" tests="1" name="controlPanel.users.BusinessRegister" time="26.969" errors="0" timestamp="2022-03-21T16:25:28 PKT" skipped="0">
  <testcase classname="controlPanel.users.BusinessRegister" name="registerBusiness" time="26.969"/>
  <system-out/>
</testsuite> <!-- controlPanel.users.BusinessRegister -->
