<?xml version="1.0" encoding="UTF-8"?>
<!-- Generated by org.testng.reporters.JUnitReportReporter -->
<testsuite hostname="DESKTOP-88991P0" failures="0" tests="1" name="AndroidAppNumu.login" time="7.901" errors="0" timestamp="2022-02-13T21:01:20 PKT" skipped="0">
  <testcase classname="AndroidAppNumu.login" name="TC_login" time="7.901"/>
  <system-out/>
</testsuite> <!-- AndroidAppNumu.login -->
