<?xml version="1.0" encoding="UTF-8"?>
<!-- Generated by org.testng.reporters.JUnitReportReporter -->
<testsuite hostname="DESKTOP-88991P0" failures="0" tests="1" name="webTestCases.controlPanel.clients.Verify_ProfileNotes" time="2.800" errors="0" timestamp="2022-05-16T15:19:57 PKT" skipped="0">
  <testcase classname="webTestCases.controlPanel.clients.Verify_ProfileNotes" name="VerifyPNotes" time="2.800"/>
  <system-out/>
</testsuite> <!-- webTestCases.controlPanel.clients.Verify_ProfileNotes -->
