<?xml version="1.0" encoding="UTF-8"?>
<!-- Generated by org.testng.reporters.JUnitReportReporter -->
<testsuite hostname="DESKTOP-88991P0" failures="0" tests="1" name="Web.User" time="5.480" errors="0" timestamp="2022-03-17T16:46:45 PKT" skipped="0">
  <testcase classname="Web.User" name="fgfg" time="5.480"/>
  <system-out/>
</testsuite> <!-- Web.User -->
