<?xml version="1.0" encoding="UTF-8"?>
<!-- Generated by org.testng.reporters.JUnitReportReporter -->
<testsuite hostname="DESKTOP-88991P0" failures="0" tests="1" name="webTestCases.clientPanel.promoFlow.Multiple_ProductMoney_Campaign" time="144.248" errors="0" timestamp="2022-05-23T12:36:05 PKT" skipped="0">
  <testcase classname="webTestCases.clientPanel.promoFlow.Multiple_ProductMoney_Campaign" name="multi_ProdMoney_Camp" time="144.248"/>
  <system-out/>
</testsuite> <!-- webTestCases.clientPanel.promoFlow.Multiple_ProductMoney_Campaign -->
