<?xml version="1.0" encoding="UTF-8"?>
<!-- Generated by org.testng.reporters.JUnitReportReporter -->
<testsuite hostname="DESKTOP-88991P0" failures="0" tests="1" name="webTestCases.controlPanel.users.UserRegister" time="182.629" errors="0" timestamp="2022-05-10T16:29:35 PKT" skipped="0">
  <testcase classname="webTestCases.controlPanel.users.UserRegister" name="registerUser" time="182.629"/>
  <system-out/>
</testsuite> <!-- webTestCases.controlPanel.users.UserRegister -->
