<?xml version="1.0" encoding="UTF-8"?>
<!-- Generated by org.testng.reporters.JUnitReportReporter -->
<testsuite hostname="DESKTOP-88991P0" failures="0" tests="1" name="SideMenu.LogoutTest" time="14.248" errors="0" timestamp="2022-02-09T15:41:54 PKT" skipped="0">
  <testcase classname="SideMenu.LogoutTest" name="logout" time="14.248"/>
  <system-out/>
</testsuite> <!-- SideMenu.LogoutTest -->
