<?xml version="1.0" encoding="UTF-8"?>
<!-- Generated by org.testng.reporters.JUnitReportReporter -->
<testsuite hostname="DESKTOP-88991P0" failures="0" tests="1" name="webTestCases.clientPanel.promoFlow.Campaign_SaveAs_Draft" time="44.707" errors="0" timestamp="2022-05-12T12:40:16 PKT" skipped="0">
  <testcase classname="webTestCases.clientPanel.promoFlow.Campaign_SaveAs_Draft" name="single_ProdMoney_Camp" time="44.707"/>
  <system-out/>
</testsuite> <!-- webTestCases.clientPanel.promoFlow.Campaign_SaveAs_Draft -->
