<?xml version="1.0" encoding="UTF-8"?>
<!-- Generated by org.testng.reporters.JUnitReportReporter -->
<testsuite hostname="DESKTOP-88991P0" failures="0" tests="2" name="AndroidAppNumu.LoginTest" time="79.201" errors="0" timestamp="2022-03-18T09:33:12 PKT" skipped="0">
  <testcase classname="AndroidAppNumu.LoginTest" name="IncorrectEmail" time="46.463"/>
  <system-out/>
  <testcase classname="AndroidAppNumu.LoginTest" name="login" time="32.738"/>
  <system-out/>
</testsuite> <!-- AndroidAppNumu.LoginTest -->
