<?xml version="1.0" encoding="UTF-8"?>
<!-- Generated by org.testng.reporters.JUnitReportReporter -->
<testsuite hostname="DESKTOP-88991P0" failures="0" tests="1" name="webTestCases.clientPanel.promoFlow.Single_ProductMoney_Campaign" time="95.050" errors="1" timestamp="2022-05-12T11:04:40 PKT" skipped="0">
  <testcase classname="webTestCases.clientPanel.promoFlow.Single_ProductMoney_Campaign" name="single_ProdMoney_Camp" time="95.050">
    <error message="element click intercepted: Element &lt;input class=&quot;DateInput_input DateInput_input_1&quot; aria-label=&quot;Required&quot; type=&quot;text&quot; id=&quot;startDate&quot; name=&quot;startDate&quot; placeholder=&quot;Required&quot; autocomplete=&quot;off&quot; aria-describedby=&quot;DateInput__screen-reader-message-startDate&quot; value=&quot;12/05/2022&quot;&gt; is not clickable at point (911, 441). Other element would receive the click: &lt;img class=&quot;ReactCrop__image&quot; alt=&quot;&quot; src=&quot;data:image/jpeg;base64,/9j/4AAQSkZJRgABAQAAAQABAAD/4gIoSUNDX1BST0ZJTEUAAQEAAAIYAAAAAAQwAABtbnRyUkdCIFhZWiAAAAAAAAAAAAAAAABhY3NwAAAAAAAAAAAAAAAAAAAAAAAAAAAAAAAAAAAAAQAA9tYAAQAAAADTLQAAAAAAAAAAAAAAAAAAAAAAAAAAAAAAAAAAAAAAAAAAAAAAAAAAAAAAAAAAAAAAAAAAAAlkZXNjAAAA8AAAAHRyWFlaAAABZAAAABRnWFlaAAABeAAAABRiWFlaAAABjAAAABRyVFJDAAABoAAAAChnVFJDAAABoAAAAChiVFJDAAABoAAAACh3dHB0AAAByAAAABRjcHJ0AAAB3AAAADxtbHVjAAAAAAAAAAEAAAAMZW5VUwAAAFgAAAAcAHMAUgBHAEIAAAAAAAAAAAAAAAAAAAAAAAAAAAAAAAAAAAAAAAAAAAAAAAAAAAAAAAAAAAAAAAAAAAAAAAAAAAAAAAAAAAAAAAAAAAAAAAAAAAAAAAAAAFhZWiAAAAAAAABvogAAOPUAAAOQWFlaIAAAAAAAAGKZAAC3hQAAGNpYWVogAAAAAAAAJKAAAA+EAAC2z3BhcmEAAAAAAAQAAAACZmYAAPKnAAANWQAAE9AAAApbAAAAAAAAAABYWVogAAAAAAAA9tYAAQAAAADTLW1sdWMAAAAAAAAAAQAAAAxlblVTAAAAIAAAABwARwBvAG8AZwBsAGUAIABJAG4AYwAuACAAMgAwADEANv/bAEMAAwICAgICAwICAgMDAwMEBgQEBAQECAYGBQYJCAoKCQgJCQoMDwwKCw4LCQkNEQ0ODxAQERAKDBITEhATDxAQEP/bAEMBAwMDBAMECAQECBALCQsQEBAQEBAQEBAQEBAQEBAQEBAQEBAQEBAQEBAQEBAQEBAQEBAQEBAQEBAQEBAQEBAQEP/AABEIAKIBNwMBIgACEQEDEQH/xAAdAAABBQEBAQEAAAAAAAAAAAAFAAMEBgcCCAEJ/8QAahAAAAQCBQYFDgYLCgoJBQAAAgMEBQAGBxITFCIBFSMkMkIzNFJi8AgRFkNEU1RkcnOCkqKyJWODk8LSFyEmNVFWYXSjs+IYMUVVcYSUlcPTJyhBRnWFoaTU4wk2N0dXtMTy8zhIZZGW/8QAGgEBAQEBAQEBAAAAAAAAAAAAAAMEAgEFBv/EAC0RAQACAgEBBQcEAwAAAAAAAAADEwIEFAEFERIjMwYiMkJDUlNBYmNysuLw/9oADAMBAAIRAxEAPwApOplHrs6t6tXJSj4O0BJ9uda2uP2K4NiKbOiOSJsl/NPwy3KExGgXELgWpNfbwDByAe3BpVK97YHCYUjqmu6Zb3jhjagx7nlwPAs+Ck97ak6jQF6c8i15+3GONskjkXyYFl0u6R2Sffprv1gh7SUMAwbdTbguuY5eaburVv7j969BsG8CfYA7TGbFuCu9p7okTqLtw5555BWqgGOuXXHUHz6gIt8lGdlkqp5huripzkep4jXsiSgHjAAssHPsRjx/ThIR1q0roHocVpJo+ClN4biS82HkH2SlYbYVz9CDfAMAwYwbkZ/9guU3ZUnaWnPLM8KbPh9KmJKHsblcfsR6D7F2lW1KHZW63hPbGWFgQNSaSaMfCGVOXUAPH9OBzU3uzSrUK1aRQnb1JKawPPIIKtqhwK+2PBscyvz4nHsSNEmvBKyJV1G7skSXtJNV4UKTtS0ALLH3yoOuDBvxU1fU3zC0q097f27htNpxlaIHbMYAV/Qrx67PcEmYM7O14bs3E2B5554CtwFfgR164/YjNpupISK2pw1tuzg42dyt65tsV3ssFjXqVN8FfYHyI0R7EjHx42LvlCc2TDMDgrl5qcXlOmO0J9+JtSUGwRbgOGAYBjB7mDYiyy51PatpzOrmySnlP29aeudSSisA8ZdiDc9OuPmRfJOmy9yVxVQnTqVph+nIGVucJU8jmRxS9OEwtKtvSS81OLznG8nnXG3tSagCahmAAwYxjHtxOTYk9NSOOPpmlKqN6G0kvuHZDKrdd7dMQRYHjKNx7GOvy4yGZ6F73eHaU0rinvJ+gajyBqbHACuXbcNv7Ywb8blRA8O0wyq4TDMKRxl5QmW6a3PuxRJVQFcyucAGDGP1IbVTRe51US80qnFOnuVuS62F5QnWwE/buBO2K9SvE9eSSI2I45WDtXU70hK0l7+Bk9209geu0vnMAIFutF9JsvOuacwKFGcbPiJ9rbb/AC8dSPROeJh1hW03h5eOAIQkaI07cP3Nz2IKZ4dkkwJ9VcW5RYFkH6ABppJQwArllgHvgGAeMAISbk8chHpwSRsEaqP5hSS/nZplWYU7wm4e3qFFHG97LASO2HjqYKg/QghLMtzY0q1CRWwNydO43kg7UQKTScdTgRjsQeXG1tTpe0t0dlSlucNIfwACvItPQhLnz4VT3RWn4awJ7bv4/Q54OfFJNj9TDX/R5zS0b0hK3VOrVyqo1laZ2ge5X3AVAAKwbg4vjNRnLztm9I7KnlmUKOOkEVLsTyCyxncjBy69SNTmCaJeV6pem5RoFOgIXDsicZID+Bx19N024EK097ddUaru4XIs888ggabc7ZeR1Dge5XHXhyPcsT49bMpgojzS6qJel6apeUt/jy6yUoyqle0P3AA3AD54IFyq4XRg1TWLst8OBz+WCuDyNyPRrG4fc+naUjU3KHi3WkE6AFlak4x4wDGCvU548cVpjobac1J+yFKnUXk8wiwQ26YrbBwlcY+QPYqbY4pHsWEmv+NnC5Q0pGC9u2sJ0xBnALiTdsYOeDcjRwUR0ezYkZ+yFI8vKjNiI/jxPBDJBzwDqbfrxZHKT5IaXVPdJfZlCjR8PpTbIAB1LMA69fb5HPgi8rFbTMDOkaWpQozi1lkWBFfQ1BjrmblQAAA2Km/DkfjOP+QIIorocl74WaZfbk7ho7c8ivakm1O0DOOqbfIBuDh5K1q1arO0vKk6dRY6Eh1QgN0uPfAoqV+B7Ttlc/AYXJ5hSXhXmpRm+wcbDTgssAMGwby+WD0wQEPMdphl9RMMvOrcnvNmubDyNFoqnB7G3XqcvY8sEY5NipSPXASDHZW6p5evadQoTcNcaht8wY8YAD0VfmcjADctZkrpM6qFeak14UnojzrepuJanMihtRk2O01PCSYc3J29lIMPJsK5pqwrBYF1x4N8e4D0ItlGU6S9SFMDw0pJfeW7NxKZdbn1CisAAEWeAe3UOGOpzIzxyWtEjtW1pEjA4K0iRu+DkSY+wwaYomvo+MA2xj5YIpSWgebEitwSJJ/mHM7i5tJ5BBB4Dbmlrq9XMGNRphk1yRj8gFSuPY1p1o/SOzU4JJeVKFDhqxGnXHmlYDq4MFsOoP0INMCPNMvs6vP7cob01y09uOywDOPHZ1wcgYPUjXrs8jAXjqY0kwuqhW7OryovJ5Z9ge6gKsbZUMAyy6ice5jAOvjHgwQeeKD5epNl+9pNXUS5ZoWU/WtCgBwBZ4Bm1x7+Opgxxq1zab1rbqn1a7cBX3FRx/I5/sDjhtkOj1Wk7HlaRQ4p1JxZ+nPPKtjScYLSpUrg02wONMkcicckam0Xyu00TtTfKfZAou6laXbHnrhlWxo0Vvowcj6nLrxZQLEl0T3uYG5RoW6314ZulGq0+/v7HP2IIuVE9GSvW3aX84p77b68uVKbE2pU0YBjwAqVAVNiCDanl5pak6SXpfbk7emILsCCCLIqyr1wYPLHXjNx85VORHEqipZL2sNKt1Zk6i+mWOnAUbZW4NHYjByKgK/LHFanilRJR61N6t2dVHwjaEE2B/bQHk7m4CxGP1I111a2lXL7g7dj7coUJkRh5FuhAbsAHU9uMOnGX5TzVL8wq6Nm68KURbq6ZqISoUxJo6mjPGMk4YwV6mAGPBGSTXqUjkt9Mn+nRI0q1DS0urioUWCmxPwGlE1xguqgwFTYsa4/QBGapHSYc65paaSVGsuZiE9dnw5NbVDiQDMsR19EAADh19vSxb54nShx2St8pynJbMneHpbYadquxVkSCufaKSQV9uKakWfdUol7sVbk6huIUrrchqWmpjjcdTGM4AB4xg2+XzInW0Bc60kfcBL8vTDL/ZCncSUy49cQ6jXGkqgYLSodsY6/p14TdOkwtMvs7s0sCnWSFNvcSD7Ukq+nb9TQ7GwDmRrqtHLyRq7Ib2ou7dZ6jcQWpOCuMuuOvXwD9evA9K8S8k1tI1PN3THJtAehBpq+MeAFQFQGxX28fpxVOv8AID0dUhzBldHhVMbBmZM5NaZOSeeE5XbWJ1sAwzJU0gx3w77W5UhQcUzWz5RL8i5rUpgty7REEEpjL4SMHa8olYMpYAD3BVMvlwovYz1h1zVtMqqJTz+oTt6bT68QO8nV64OZg9CGwSvLySX3B2SK1DioZb6hII7UcaSAdTADH2ncHvwYGsmFI63SYZfbu5rA888Bu2coBZl1B8gkHrxaJVnS9pNUarvqVvoKm4MFThh1K+Pyx1ARORssG81ynLyV4zS1NyjN1px7SlHG24wAxj8ge/vx8eXRpSNV0aWq7qLEs8m4odFandrwcv6cCyFit21tpalCe8rbA9CfYcEPHaYB4wAGAGx32IT4jdnbOCRWwau2oi0OvVLJZw1cwvHXADY5EM5PcSjjskQmp4mHsfeL3nFPdnpSuOIIIOTGrChjBvjqd+r7EMdmEwtN3dlaR5Tp02n055Fkdtgs9jlwOSrEl1eJel7V0/xBHAm1yTx49zADf5YOXAvW70o8WJMt/hXtW/j3AbcaI/BI4kwziFJxcOyGSuyFpvF3UvRlvpwG7CU7fBubEU1I6eCJFCjUtDYVzTbLcLLqA4LBuVCOQCvji+Sy4NMwsGdmm8KW9SiLXEEHnjNNxpQD0gB7G3jjijV07HpKTzC06uoerzbHoahVtscgFc6pXr1xj24pXWn/ACAKUuXs1KEiRgZnFRw7oeRnC1JXjB2yxNACuCpscyDZ8+K+NpOx68cAcRrtqdsD2Lxg9SLC+TQrmGX3hpmFVnlvuXAH1DdLj5deMOcVjS0qux7NShQ3t1nYEW4yisYORUqb44n6Z6rSS6RHb77JJVZrxbGaciubueewRNkpvmGkJ/vbsqUMzOmRJrEhqI1Y5UA5QM+0travgu2DYHg9OmsaxpVtV01hP2+wtwFbnMBFXY50myXqSZfl6U7u3p3pEWetIXHj7ScoHt7deoCoAGxXHDDzVM/La1Pkr9jz+zzDLzq8p3iXDzD7DQmpjihpRjPtKgNjQk+vFEnSfJsmGkmT0kvK25uUTG2FkH37SlEmgGdpMABjxg98FepGzoZkdr2o7If4aIU2PeuK1xlmcyoAHrxQ2qU5e7IJfdkipOnzLp0VgusjcYO2Ar1yQegMHLHjieH9DNZJVkebEl3dlc/szinUaBaRmq1sdupaDGoAPYrxKSUTtKRJ2PTCrcXHPTopPOsCLtpR1wD2AHVNse3U2AY40CUW/shdU+tJ+JLdPoVJVkdg3+mCJpkhzDn9OkSKm5PdjjFxy648/BsDAOvjBgqVMA4eZLh5af1HmKY6J0lGStQ7UZKnlO8JlpiHTupCm2KHjHaYCRkjrk8vYwb+C3yc1zYkf2+YXaam74RZbjcTyLUok0Z/awAHU3NuvjibThK9JqtX2PS9ePv0WetPIdbsmutSuPhlAOZgBscyDCtnmHsfb721XdRmwywt1xJuiAA4YDDKgzhjBsbFeEccnd5hJ4Ovpgk3NbtJEwM6uXpgUMzOmdHFdcWpCt1y22056YABgGCuPhhjHt1wArxKXPkwtKVQkVyqocVDKeZoGo8ZqmyHtmGAOAAZNSpz9sHLi5S+omG9uCt2Sp1ChMQYfqNtdiah51SzwDxj39+uCBzy6K7qnukvp9ZJMt/goZtibj8RGDbBv1OeCJ+kVmQNdJswpU8wq83Mze48PYOoClzbgwWgDigArgGMFfTevAQiidWrnRvmHOqdRoTM6HoXUm1Or97sQDGMG3X2OZFrZuyFJIChX8M3hS5l6e4qky6ywVzKiZvRnA9SpzwRSpgmyYXaYHCXlatx+DkRZ+ndXDhRgHwgBuab2zvoVNmvHWzySfeNy/Q3SFLytwdkk/p7w42hFgQ1LVNjj7YCvgwAGDciwtVF7s0tTgrSOusaMj71XFTgx6PHjBjHjr7dfkRCnQxpVyWzq1eblCe5GceuRpXDg8JcRk1PTO8vcHNokdJeaaC87S8lZk7emOU2BDVmy7c/72nDTV6/IHXrxPY145WjXkkQi5bVpHVwdlbq8qM4olJFgefa6LAeDtuMYAE1PTHy4elWX3ZpzwraXVxTuD0eWQefYWViUA+wGWWCywY9/Hgx44cQzIrVpL27JOL94PHZYwVB+/DBc0S9L0wODSrdU6hPbmHkfBS0o0k0Z9uMvAUMAwW1cf14xxx1Ni0NTXMLTePh/jOn4Dy9+2BX3MfQBFcol6XmBwztMDcnT8eW68lTaIBNQeCuOpsV8EUl1cJIpCak7s7NUuuKhuOMIJzqechK4DlnAAMe3seXyIoBbXR6ku/3P9Ti3cJw75ed8fT14+hrx2YPn7ElbTT54o9zV2QpH9mzO4nWBDrnwm7Wve69lgHj2BxFeaWJTlN1b72lcVChTaHorDWSjq+DvoK48GxFDIpEl6XkqjNNJXU0sydToFvDqSjsHbAXgFeCK6khWkSqP8NNCbc3puJfcqqNsalTxj3I0SdJPvZ461raqYJemG8JFaRQzN6a0POXOrUfZWoO14FFff8AIwQBcafKEZef1DT2QOOeNEQfmqR1SncAMGmqDAMGMG/AE+mDWlH+M9IvAGaBDIBxpuxy8flwOV0ua1dP3WTyn4PQNVGVryN+6DhHH+RSTNfHXqgKPUiVQ05gpDcbzeeIy5ywVB2YwbG3FUVUiSm7JG9J9hamx5TpiC0JBFxAm2KlS00wK+37ERV1LDT8If4ztKfAdwyAPQ4ydIXqOMf0Bj5ELswl5WkT3ummn1x0/aGMaY3c5CcEUrjkTskWRDK6R2SXtpogmpO3qSUx9gudVqZcSaMABjLMqHDBvg9QeOJxFGav/wAIJh//AKMZpXt7kUPOEpq3VP8AdB1SzjwfALlpSb3wAqQwhZ5IWXj7i+qWcbyTYa9Marf8tXtxPjxqciRaDKD5sV6p2FqE6fScO+E6H/dxxNHRWrl5qTq5hlWTU6e2sCc6utrpfLugOfFNSSXR6rS//TZS44/6VdbU3/zA4fS0d/e9XJHUxPLNdjzLfOrqC8kmjGk0hYwDHgqV8Hio4lx41ORILpWtSlyfBeSirKf/AJU5L4QaYVk9QEKHZRo6mNqQk5HSgw+89bLa2K8nIZ1/5a2UAv8A9B/khRxx8FOQGz+6XuVdUanFmcL7fkRFxBuA05dfcHphjgQwOF0Vt7TmpxvFuWRfr9zB7lflg9iM5cqSKeJhSZpmFVR7cO0noWo68k7ejLGMdQHI2NiNTl+lSXrr90KR5vHabiQlK0XezKgADHGzPs/X/cxwbexF8+IiupcaUk1J/gB51Yi3RHkEANTHYKg8Ax4Kg+Zjgo3U8JFaVQrdpVcU/BnkoTyCDVJ2DmYPbjPCKSLpnC90aszzrph6JcuPVFKSSh9rMscFTmbAK+CChFMHGEiuiGVVDep4ci3Ptb13wsY69QHMBUi8enrx/chJsbcnX5XE8UydkLU3tPYA8p7ytTHnn26Uqxr6ABehHXHjGAcB84Xu8JOx9x1khT3deSjtCcfZ1NuvUtgehBF1p4aZTYFCtXRAzXd6O4BCuGuKJNJGAYDDCbKuSVjwV9+vUjJZ4pkVu0wN8wy9L6eXnhSiuPwUQdZLK9cgdmSMmoCvbABU3/Tj2PXgLdj9rZJfk92V0as6R2o1mq8JkRlj8FLSjcFSpsVBgr4MdfHFao1fJsVyqnl6U5LUTU8Mq1TnS4kaJHXGTULr23MH6gOfGNl9WhTGkvDSrpz1dMTYEHoWpv3PLT19iAsm9UxMMjpbpJFLzizXhFcT7BqRcFXGPR1yh75xw9zbimGnhJ8+LzPckj8vwPQR80UhJGC9zDRW4p1D0TwCF1AmKJKGSMfAnDGdXsRgHjqbmCM1Z6H1dMc6PCvP7czOCmzPuJ55K42yASAAzMCgA6mxub8WiS+rIVzC/wCaaQszOLPY2B65c1XlcdXqABaDJuxOwMFcY+9bm5pplMlE7tnhW0zooZnBSiMIWrkMuIrzdQDBXLLtq4DgbgCag64B4AD24w9zb06q6l6luYWmX1CuXqSVDy4Js4kHIWpqGaUSbYE1NCBRwoLYe2PfBsRoFB9Ecwy9MCekKkKVXlmUJmUxqzUe1X5SdbHjrmYK9QGm2NuoAe4DH3LlLlHqRqTpOyBucU6a0PIXOrUiK0owD0lQkZNQdQAAYAcj0Hz6XJIVq7pNkwMzdnFFp3U9qGhKtamCzApOGDYBv8sG3XiMcR3u5tLukwdkM7urMnl9MQZnp1PXDsm01YQoAQWYAAAVDR10eAdSvy9ivdpOlOXlbAz/AA+ocdCXcj2pcA0okoBIx6A7frgGTj8iM8ZqF6BphS/BMwSK83k+3vxDUlvNqOpvplBIB7fI5caTIFG6SieX1DTKaRmUqFOn4AlCmONwVzDLsDbGDfHX2ARo4+CVkiypGdpvTO0pLwnUJkRiFEQuXXk0lKTU4Qdcdfcx1x8LEouU7o6qJhzqzZwsCyDj9Na/rt+oD1AQRMWJIFqzFavutRFKu5Oxn7yxzC0v7gruji4p7fUj0Ol0QyRj5lTTVAb/AKmOIS6R5hdnW9pGpx1lrUkEbfeRgs69cGPTDqV9+FONLDTJE/p5TmFquydxa79nU9cAopGUMZwNIAYKmAZPL34rwOqQl5pak97nWXXFQms77YLjzdvBaFgvHBY9wA/IjPJHYpHJW1OVZPdvhhI7JVPwkQZYkH8KdUPOHaaYAxjwDADbGDHsRm1KMttMvKk7Srak6i7EcOe1WtjXAcPbuhwN8e+AHMBFdQ9X5R7rF7kuYXFOmJMP0DUCysgbZmNRXqA8iM5nX/pJEmsdhFGubuE4862SY7kWiYCevg5hwInJr2NEexW3XNcvNMvp5ezUzXhQ6IlxBFxRFFWpwAD3G+pXwDBXsa+DbBuFGqidpdkiiYVcvqE7hqxHwVUU6IADtGWSNDUJxjBjsd8exv8Ak+UurQpBmx/b3abJfo9UN9hbn3FEqvNkTXIB3WMYNKOvgBXqV41cHVlNSR0TLHZgcHnN2nIPIlZbZ2owDrlgOO54gY6lfbBzwUqcd/e3B4lyYErS3pFTW8N6hNapzz8l6TFYzK4NMBOAY/LwbW/EWSzOyGVewhW63h4t7fTrlSnRW4+3KSgD2yRg2NyPNP7tBWk/6vUQS8ocO0fcqNCUSb5Y8dTGPY5cCz+rEpjVuqe6UQyq3qL7bn3FqOUm2VeppAVwAOBpjh8wcTk13kcj0E6s7s0uvY8kYFDi8atqOOyOvNQHDVKgKmCuDbBBSbWOYWlqUdjzU8uN5I1I9C1KjTScHCGaGoDY34x8/quJhVq7okogmpuTqT7DXnVVv9sMqVKgPI5EX8ulSSJharorYPhDtN+alqkrY7ypAdXHg5cTj11JNhRqOZTmHsqcJhSJGZ5cFKKwWrpjIGUVa4wAswDGAFrX9ivFvAnpjSap/gCbviCEIOFrj8YixfZcoyVy+naZhlVmu9hYWBCFUmKJ5ZcZ3Pc+UTzDL6hWkorTqLyeptiGpquK440Y64zLzZA2xg2x1+FrjjRHBUzySWjAFlMd01uYKAk/mCEvI875ccOU2UxpFWt0k0R3fSWFxQkqfnIwqWZbl2YUi/sslV5l5PbaFC1Wy42ywDBXOGAkFcGxgAPZ3It59HdDl1UNKR/mpPee33EHM59fcB7cUkzTj8a8dnlMd6un2XqPE3mGpEUaTg55WODB6ymPV7p1T1Hifv8AoG/TY+16GM1HRXR6kvEwq5qpDzO46jp0JFxxgqDsB19vBsDr+RggwuY6HJel/VEihxuyIsgg88gClTww65mA0HaQehg5eN4ySxaz1lMesXvqyJNbu86Br4Xc7TsbcMH/AGY1aXVOrdl7z+pcgHxPlj9OMEnUtpl5/UJM1J1DO42h7WuIsTStsGkMBdxjAMGMFQ4e/EKX3xIkVXR2pKbmZQm4cjsOb7UnACpaVE/I3+eD06VvLM3oizpNSa27dWk3KE6Ygu2IQkEGm2tckA8BJIx1B19zvoISGW6TVfG+rITqNB2g+y9yK3I8yUetKX/rrJry8WFge6usuDNNsq4B8CA4AAArkg+aBFyPnyYbpdJepplVu/MZVP8A+LhW6FGOh+k12dW/O3VPTCoZ1NpxFceUacUCvXszh4Nup6kV2aqO3ZIkb/8AGzmpP3/4VVKdLgrllgJqVAA5G3jhwxZTG7f/AHPN39R/XURCMlem7uTqqE/f/vV2r0FGDfhWHw0aS4QmZj5j6qClsORWSZkJEQ0vWW1yA/y9avhhQOUyX1R92yZq6qhOn+3/ABUP/iIUKhng4Vp/JDdpHFp/LGpiTQQ7ES0yeFx2COnCaCJEDQGXTikPkKI4di9dJ+CJyUtJAcBnQiJRCi6QFiIUeNRKLWeNKIDkGeKcZiVfPG9Y7xBURvH5P9sdllxCLMh4iA+qm9J3W1JlHyEN3Np/ipuUfzEBv0IcvHThYRZkA32Py8r43L7N/QQfUiKZIdHqvjcgMyjz7UT9SChhn5xCMLg8sCEsnynLzrnaXpVZm5R39ChAUbz8YIKGKPG44tP5IYVujSk42rTwU8yUbQzI7NN4SJLvd1Nmfp0JCnYxg4YA4CKi73xvWPPwEPniXu5NY9QqBDrSJ4opTp/iDwXn1xgGD2IkVyLeW3pPBYIAjOfs4S8kSXRXL7z5+3INNO85wIPUBFXXU6S9lvF0Vzk3J+/5qOUle2UdCw8DchrPC1cK8fnEYU1U8NP/AIqMzj/pU8hCb/6aLWlmhXq6t2VPKZP4c1WC5D8oOxUgJB5Y4WHgaMWXD6RwVtKq9tKtxblHfyDxlG+uCBEvzJL0wpL20qk7in7+hPB74K4IKORl0S/BLU4uKjwHAUpsvi646g/I2+ZCyMrIZl7vCtXeFCi3022bbfGQrOKgRSpJF6zSrVOLM4d4dSDkJvqHAwAr8uLWBQkdtbSK2679oPIPtfchG5Oan0qR2YohH6p3Io+f/bjgzxRJ7kVCvn9HhsZniieOLTwuODFF76DgA7wWrdkihJdG5QnU9oP0pR3obEYO/wDU1zC7Oqh2aZqTsyfvFgM2x9MY69SPQx5kMwePPKXqc53Sf95Ld8u1ftxK+wfSEk/z0ZlH+qh/30bpHF4SeFp/+bB3Yxgui+lhJ/D7NwFhwA+C9fYh4iR6Y0ivVFbNq2gI2ytFg9QEa99rpXiUQnukCxjhMvU9lrci8vIzZVQcvXyHX4f28uQFT3IUbHraTuXIo8yeAwyFA5GbMgKI7vHjcbQQ30ZO3/dWn/rUZX04IAo7oyV/5lqE3mHUf14zcyM4kjC7NXEpKjV+L/PxvCWiuifwR5T/AOtYeMozon/jWYf6cD6kOZgcfNg+b9a/58P5v7run6cEbiXRHRkr/wA4Hn58n+6hfYTo9/GuYv8Adf7qHIwOPIxhKWk8E1j5r6cd3fW+KuP9OH7mxGyDoLlPuSann5gmOC6A5e/HVR/VQPrw5EbziSMyAovfFEqi7xwWs1Twfz+ljTPsBtP46av/AKKB/fR9L6ntJ3JNSf8AqrS/ropfG94kihkfnUNjM8EVp/MWH068aGR1P6vuSam75cgcPjoHmHuSYJe/T/UhyI0+PIzwi96vxf48jH744fLL1vui794wfQiLTmiWUJSVlmyYH9nUqFB1ybCCDz9MqGAY9ioDAAAK44wCVeqUdkitOkndJnlO4n2BJ6EglMp85yBg9Ty4WRnHzb+8zJL0vXdXMMwJ27vFvwp3mwbY/QiruNMFHrU1qJgdX9SnITk2+TQHprbHU0dfAPcjzTSFSPKaydHlXKeV4cHhQt02dUJKZMVgswFl6WuCoPBv1+ZAueZ8mCd39m7NkrenIbiS0KMhCeOy3x48A6gxjqA8jchYpW2jLPlK9LCo9JLrWpl5o0fX0+snFd8POOwE+QAAz/IiT9gdpSpb5MM1awp7efXU/pjja44EJKdJel6X3CXmm7tyi2MuVvfbIlLuGGDJKrjNHjGMYBg8seCMemdw7N1d7dpql68WNhw6rgsdfTKQWw+RjGPbidhXI0Q7I1NTplSylTlLzifkydfKhXLrPrfFgrjGAY+YCpDsuUgJJsSqLpq6hNw5HuGF8yMiQmzC0y+4S80v7Nm9x46QQ6pdNsaTGbgHgADBU2xxa6HZTVq5q40n1ZEpPOsDyTeQCzwD5YwepHqka5K08QjC7prcHjy4FnqEnhaf5+CitTGxpJhaux524vb2/ejbXy4oo6MljSqyOspq1CdQH948hachM9fH9CNYG1q1fFGpRDhcrzCr4o1fpwfXgMTXLJsa3Y94dnV/TuOX7eV0XVzDORxkkYxj9MA9iNMI6qak1VL5DSkSt6jIlJsLdc6uakvzlsBXYgH5YARY/sfzX+L6iK+8UKu6pXkV9gDgnUZMvXtkRAyzPXJiUkFi+E+cfp/4g5M9rJhSdebJ0Z0y9utT0R5DreStMMFoWYTXH64OTsDg6zTQ7JFahIkVqGZ4TcOQQfZWxXfCxg2yqmOM/dKOVbS51FbVlUHp8uTLYOiIaZT88AAPbAODCRHMM2Zvl6XpVZk7gynaA/sjIv1l3vTHArgrjr4AYMfLHDp5SEnmtol+nSbGnVHa7vKf4+uUb65P0wDjQmOmiSHb77JFDMo+P1kr1ycfrgBGHLqP6QpeYFEwzDL+bs3cMffiDSrLvmAeDn7nuAqF47rSfoI0WJ1vZ7csSO3ws0q25xT9/Q6X2wDwQRVl+KJ/1seKUs0OzSrvaRUovHfyDxlG+uDHF8Y+qImFp++zrePiFxFr+mB9OFidb0ZZq1fdSf5iOC0/jd4jPEPVCS8ravhaX3C8aPToTwKSueZjGCv5FSB/7o+j69XRU6J2/wCIXIVSHS97rnAqQsK2mfzrp9OOBwBZKQJTmv7TU6tzgo+IXEme2SMcFLx3JrMVTrdpDNaumr/PwizFfhUcdfxSJQ7pdOKQemdb/An6enChgZd77qUexCgKvaJPBLxDBbXL3G81XdR8R+xDBZauJxBcfPfTEOKJdUdXFP3gi/H/AF4cvCtJ/CrjePPn+/XgcQounFI7G4K+leAKEOCv8YHH+nHQULmB2/j9x+firlqIfL/nMBZSJkmHuSYHH58H1IlETRMP41OP6A36EVMstXEozpYEAgLL2YTx+NSn+gkwiJspN/Gr59qIgCWXEou6QB7s8pD/AI/T/MH/AN9CSTpSEkVXvP6dR8RYaIn1B14FkXvwtPEpJe4lWPJvVd0hTDO1JBDRMLopIb5dRlIiE6LKOvanZAnjqV9jKMFjXHj4IHIjIGdZelfWatYUJiDCCLfSm7A+QDb2/UhUvzRlmGlSYJgdkt5TKXNQST1u9EjsC6noFA9WIUpZUrUqyOqRVkvCg78GlsqmPyP2oqzjauY1nZS75VaRSnPcTr7YEfTAP1PRgg5XR2arorVtyjvB/bSfbitmdfPydV1+4jftH9u0xuj+nE8ae9wA8ZatpV/BKpQn+X0XqDhgyZHbuvNyjz6EHvghxWjgWYngCnZBdONyqn+Q0X0BxpVC02ukpo3iYMkvJ1GV6yp0KInrjKKKyAHjM54K5wfmox1IjvatOkSd+i8q5oVy81KJe4xdtAQf2okqpjL9AcejU25YrzB2Quyq8KHG0P8AkviwAwA/bihvCy9qooiik+YlWqZ/1dPoSCLABZXuRbpZcEkw6p3R00hcdA3LjxMMvKr3L0wOLMo8RXDTe5txqcv04UhcUmFXnn4/gjfqDijN0vxZSGtIk42r1jvHCmnebADGOKg5PPVDNElJU+R3EvXr1JN9JRIiLLRD74cPAD0K8VxE6060mKcqpU59gzRlyW2QlFpHM0oeX9+uPGT9qtj0XkDh+bZUaZram++KXBvzKdoFyGoap3xgLLBX365w9vucEWnJ1JKt1yXpXSlSC4p1JN4IPJyEWZxQwBHvq6/sRmk2KpK33NPsTY2oORHnj4Ph+IwTR/LyVL1+x9MoUZeHXLcl5UneWcPGOIjrKckK/vslZk/y4CoMfuFJUV/fZ1npR549L+3EJX1FFFDT99lTym/PpjRJffTxPkYfYvH7Mz5/UwZ+4ynROkVZ17Kma8Zf41PRLivbx+3DOe6KWrL9tJRqpy9/QkAL9iv9OLsioD6jxrDk7IqSUCfJk+0dYTwiVGeoSnisUuSf1LbTKrglodYZhmp4IIMynOp645MhbagK9plrlAth8gAMHP3B0wnsZNvsXPWwskmxGWhNL7+1p3Vgo0TvCBRwJyIg+zOqDqD2AcsA4+Osjy8r1t2krN3n3UCH9ccCPLWZZiVMNdU7kZEKbgUR67n9rJhxqkGY3d2QS+1MKpxcHI+xRoUKIalUeb3sskGMezGl8dtji1ynLyrVJqzd/rxrU+wBRA4c8S9xR2mBmcU/zRvsVwDjHxyerScaSqE13OsD7ciyNJN72YAewOCuWTGpHll9Y7Oh+RveiDLY/JwiM0BwyB+gCoAfkDiVg2GUpckqkxSoC00VqJhu/dyEg5NpfjBgGAmpzxgr8+Pb1DUlo53YFHZslys0wJjjNAhdQKS7rsA02Ouby8Y8Y4/OhtnCkuh1WoSNKtOmu1ohP65ADSjix7GAeAfLj17RJTZMLq1M8w3pPeEyIw/QIQFbGBUn0IMewMYAb4wJoxybEkWfvv1Gv2Rr78GfH+PDDxZf6vSf2B5Tvf3/AHn58j+5iOqoHl5XxSanlP8AMm/QiqfZMmz/APHKfXhkylyYUn8FN3z4/qRS2R+brjWEfU9tHck/uP8AQQfQHCivEU8O34v/AKe09+FFLJCuNi4zEnhaiOC1HjcQgFq4mkGfhVx6o7tFcPkLFfi8RRuHisdgcPFICUQoVxLAsV+CQOzgkhXj8n+2AKGLI7LcIF3lJ4zHYFEAYIWeKQ8BZAW0/kj4es8b/TwB8CzxSOyHy6RXbxlgQ6rFcB5DpER9j01vDQrT39Nlc1BxJP5LcdQyvuVwVPWhtK9q3VraEeVLlTIEtp++fo+vwejr+WDY+uONIpXb1edVEw5q4wRrtv26pgtOfyBxkSQxWkSJ9au+n7RwRxQ/qD9+O2dLcDOu1EO3W6+blhZ/yQ8HvgBFkGogO3KEmsJPCYfSrFcvK72kVJ/lyLUr1BxwOzy4Hq08S1k4uiv95pl/J5lrs/cNgUe8eF5uT+Yr/TOgJSFH3X4NAzIQkdXTLnbIoToG/jnfTTR9rgy3LL21KLp38vgIE5cqtLlT3RJeNdMXHevg9gEAQyvLUsy3VKwJ05CftBH9pDhCTLL93mJg7mO0xHef+UPYGDnRy1y2qaHJ/mK65CGlv4C24M00YwDAWD0IkSMty5MuRMpS5ciBxy3I7Kd24oYOnrx2N+YFiSYWBPMKRXd07iTb2CHheeWYdt4B19ipsRWJgpgkmXbwkl/JnBwy9oQ99+MO3/bHGPORjs0pVEvK3VxzemOMIOIIPsijvjKnPBUH6cBxrEiTiiROn/SwsGtybSvMMxTSQ0uyVMnQPWpEEeND4raDHXHUGPQjHyDzvQ9l0HviSYZKzTe7xmXUbfgjTkAwV0pnM0I6noR+aw1qvJl6+RWo+QOs/cj2BQHP2V1VN7xervkeiTEK3Lk7SqGPGZU+JUGgO5ACF5INyMex0+o/V+zO308een1+f3sf7YvMdIuWdUk7PMpzBNTw5HszmoQn2604y1ygGMGUzGPfqVvSiBLctDdZgZpeRiIUODyeUhyW2XR5LbQ7cbb1UMrZUk/N82q0l37IkWu/n6PQn+hgTj+VjL2ZvSXtOrvV3UJj9AfbjTGk79pXBXqRSN8ntPCWKfOORUQMCVIquivLly3c8wiNnln/ALK3hHmDWLYu2tz+OGnYB7GPgQAH6YIAq5TduypRql5vJ5h5J+A22r47T268aVL8jus7up9CUvpCE+bkSd1e3Q+uYUSpOqDITlkgqVx2NkDbBsD5GOr5/eyfN6tJ/BTMn6c86LlQlSIrocpeZ6QtXcU7cfYOaEg8FqclHt2fPAOocDnlAi2lUHUOJWvOkw0kuCfKQTfTiGsknIZkS2mAwsFU4YwDAMkYKnfQR8Qs/U4cTl6QKS5qUfEWxXsANTe5HaSr04T6kpYpUmCbEmVO3t71ctBj40SlTkjMqeWSOpzKkVBxRpFcqs6TOrdnBudFpFgeuAVojgJx7Y6gNuvHoxDJeRWlvcvdRGoUfHzGeAr5wakB3vw/OKym2jJrTuyWiCj2Vkyk8xCTcaik0k0AK9mZdhk1B1IpUWPNTNkmKYWvOiRpeXgjrltS0hFXU2yWvXIMAAFfGAeD1OWOLxQg8rJUf18u5bwnup19a7fJZaUGAZdQewOoDY5ZUS1vVN0rO6d3l2YsrceeqJ0CJei1E3ll5a4q+PcHXwDBj5YM/WP7vO1/mxJ1k8wNxxi9aRkJs7E0Y9P6Ff6HIOHGPYgtw8D6/YvacnZO1hP1/wCxezmZY05quiRXq6biVhwV1qAGR6hIwEjHy044SvxSYFEYpQLSwrnZ2US67NeTKozZbkKD6m4fwe3y1Jw41pWjV+CQj6d0fmIbvWPrsZ9df4CGjdvC0yj5cEKEQX+bwoqzqNnD8kcDUK/C4EAWeN9OnuR3nDJAFyDIfLUQEIWXvuWJRBkAUIM6W8SgFwPHDxCxXATi06vwT+1jswxWk7lURCr/AJOnlx3ePBICVaQi9biLePG4fSmK+hHSpAPGJ44MRx3eOn93D41kAIPa0iuKS90Vym63i9sDf5+wB9CNNMR/zf4iGDEaSA86P9BCVJeFcvav8uMr6cUM5rnaVFadXla8qi7fgyDL9yPYJjX0/wDeCAjixpFfG4J1vMxU/o1WXrOojyFH4VtQ324tDVNitp1tIlblHnyBmlewOLRNVD7S7cUSaxGSvFHEwy9rbUpUEeYg9XV1cOyFqcHbi7gmPLP0HBHJTsGjB5eD1Iyx5Tq9XunePcBB5ufFfFHZLd3CwMI+KWFD2y/L3/LACOFyhIkSJ87JdXU2hFuR2k0A+DqeQMEEl2b5bf5ikxnSBdE557iy51O1i7G2QDjiLOp26pU9CuPcHUiCDKjaaNXBqVqmXIoblqJc2W555S5ZbDHwBIMFQAADr1+9E8sFcOlpVmLKwN8qNXF2ZFcUVhorY2udUtOXxkfTHAW7q1SS9uyo8hQzHGEWB/bcYAe/bepzICVM2tuqdZ/GKLT7fCk88fMqepFduiTwVTEpWs1VOrvXFjufCOgIt2SeMxotC8yZGl0yy7lt1GcjS7FD1rPKcqAAQLvtd0lDGm88IofaYz+ObSCkUkkMlsb1t1SVI9Hs2UVMDUldUrjNGcyl2S5fv2V2qDUH8i2JEnHU2xjDyAR5uQrEiTjfF/0pMXEilahObmkgVJzA89kGTIZbrkRIDCzzBjrjMyAAcTUGMYxnDAO2BXEOpUr1I6yJupmd+J0qPLN/pVCd/wCmTj9+Jxx14Ne/vyb2dkjQqNUzUlYOyB1VZcpCckw84/tpKAmuMdn6ABjjQ0hn2E6DHedptS5MkwTocpfHQnH26pUR19sGA4lN8SNQcPcgDR+6UO5M3tTrS9JqhnT2Zx/XOGmtiiR1wF1DuWaAmvX2wWwKmOKD1RtKrRSZNLerVOidTKLNrthbgMNWGg4AsZO2AOmGMdeoPSnA3CYuwO6PJYUpZfPmB/yXh/nM7OroflyWRtmMdoSX6de8j86T3mPb3UwuiRXRsztN1cVGbnRa1HWBHAlDGA8FpzLFYAHyQ4/NhfT+oWK9XE9KMnbusclTFnehdzh+3GydTGOSKblLxKc1O0xEO+TLfs1EzCqKRLEwMnCAAAYK5oN/mCwcykY/QJyfJelNJ/hNnWVWZRrJBx651JQ2xVcYwbePbGAe3ub8YJ1SFPfU4zBRsol5LS8zvDwmWtq5EQht1OlJAMg7TArg4E4fqAjtj6mOgaXvttNFbMo/PiBrv/MjHFb6oBilSX5Cd1SKX29uITklZFhBCECa2SgGAZxeAG+UA4HpxSSSxDCPCN5fn4qU3ZL8K5FLeo7QeeeSmUk+gpGSOKIzKXTOpDs0qk6h4TnXFzsDwZS1ZXfK+xX9PH69fNl7gqd3NS7OuW8HuJ5h5534TRjrjyxJQLHW7KEjZ1+sp/B7cZ13tGhmV0jSl7IWlLd7yeYeT5rcLLHvlAx49/140lWsVxRaGZkdZhotZ1jqmUEOCcjIiPtsnWtiyclQlR1h7dcqpj3x14syiOFU0hTe+NQohWl1+0ku8KDtjZBkTrwkiCQoSJIlGOHhcHAwQo6dN+HjFHjcCyFkOEKIOxoiJxBkAQKIeviS9/qIA9aap3NCPMgLnDxvoDnwr5430rwBq+XToD6EOZw/JAe08b1fR/Nb8OXjxrpj+oOAL3hV4XD5BnikBwKPG7x6n0PQiUW4dOm/AGDLp0/bhA8UgWQo8LiUWsunTpy4AlEQcRDDP/n/AG4fIM6cFAMGI4FurPe4tFn4rEU+Aw6cZDSK9bukZk5N6vNSiXu6Lcs8i39vpzI9Turfe0n/ALIyifJPV3S9pOMJtOSf03IOGIsDf2PTAzu0w8Xt9N7cOLxq8jovalatReMpxtsR1x2eMde0L6b8MPhit243q92tPnfqYIYcXBX3WqvCiwLIJ9AEdpODzL3eP2IR6jVE6v4iBYFF0S9OFhJ1mTNd0y8Y7THAfPcLpExAzqnPLe1aqwIydoyZdIaX18f2xYAi8uIiAtrSay6KiFB4v8neoIDmRqy+EKPkI9HS91SNCvKkamteRd+FyrSAWmXkYNz1x14FLZodXXVRZE+XJ+QmCA5kRq8t0d2vOCbz1maT5seOp7YOZHRnYR3LJcxf14T/AMJB345FcTjV3nLlS9e8fa856ETXAzIky5qCqyndb7aw7r8Ib9rB5IPrxONVNKXr5ZeaXBMo7+tWgU2Pm6hIMfPgaQ3+KR04QS4PyfMrrJ7+gmxgVXdwZzy1iM3r9bSA98G4MG+AX70PJGNJE0hjSeCRyPQ7n/0hlKzsLJlYZKl5vP6/2zjspynL6lYEUOaqaaV6YmxQ00hTRkys6k4s49CiQkptgdcGMYK8UIiW0ngsF0LOr/BHgtLJQzRks405vB+XvN+JKLy+oVF2ZqGqKUakhVkalCg8jTk2604z2ACins17SRcm1ZBVpJbgk7kjsazVIqiFZxeCIIOxC+dD4UCjVms5dahQFBLMvfQcSiDO5OnTBEW8f/P09OFeLp+kg4Tbx+T/AGxOvHhfGIAlqLpDd8gLFfEnhfTp7kN3xJ06bED0ijVfB/kIbtOMdOmCvAGBrEnhcdlqIHV/yQ/eO64OxQtZ/R4fIWQBIWd1/r9LuQ9eP926bkHCxHuHTy4RCxJAQhR413zp7kPgWQdjRbhD986d5ivFrNbvcTSFH+7QFhviT8GWJRBiTp+rgDfEiT84/svpxOvF0vEAXAZ4J+ohFwOSLIfMWf0eAm3O9+LxCPR3uOy1CTp+xD98gM2nGhyXph1u6ZucO/odF84DYHGUvnU4TCkVXpI6ZFCf8NhHqItR0I6fUjgziv8AyNLBw8fKqE5hScbVwLVUTuySPYitGkgefL6TwWDyvo8emSG7JO5YRcrq0ncserlUltPgvboDq6P0ngsCvo85kMfisEUjGrjbjKP0ngkLsHyQK2RES/4pE0Er+KRq5cnw8CU/FIPWWESv4pBEiW/FY0wiX/FYfAxpICgJZbgiklfp6n14upbekh653v8AXwFXIluCJDP+bQXu906c/wBjbhz87/vYCCW3xKjg9RCPWfzfg4OysvG4UcFmXvuqFAUJLxT5eOEvGvm/pwoUHB8fFE/ynuDhgf8Ab/XhQoCUXxpR0347T9PbhQoB/urpy4fy8U+Q+vChQHbb3ND5cKFANw53J05kKFAdq/7cuJxf+TzBn6iFCgDZHG8vynuR87qUeY+nChQD6f769OfBEHFFHykKFB2Sviij5T6EdkQoUA4fxX5YuJJ3G2/zEKFAN91fOQ6q7o6ciFCgIh/GunIHDI+nqQoUBCS/2ENp+ntwoUBKB++n8/8AUiKZxTpy4UKAXcrfDsKFANH8U+X+mCIRfGoUKA+F8bT+YTe/HCv+w+pChQEVy4rl8x9SB4IUKA4y8dD/AC5PchQoUB//2Q==&quot;&gt;
  (Session info: chrome=101.0.4951.54)
Build info: version: &#039;3.141.59&#039;, revision: &#039;e82be7d358&#039;, time: &#039;2018-11-14T08:17:03&#039;
System info: host: &#039;DESKTOP-88991P0&#039;, ip: &#039;192.168.18.28&#039;, os.name: &#039;Windows 10&#039;, os.arch: &#039;amd64&#039;, os.version: &#039;10.0&#039;, java.version: &#039;11.0.10&#039;
Driver info: org.openqa.selenium.chrome.ChromeDriver
Capabilities {acceptInsecureCerts: false, browserName: chrome, browserVersion: 101.0.4951.54, chrome: {chromedriverVersion: 100.0.4896.60 (6a5d10861ce8..., userDataDir: C:\Users\Numu\AppData\Local...}, goog:chromeOptions: {debuggerAddress: localhost:56717}, javascriptEnabled: true, networkConnectionEnabled: false, pageLoadStrategy: normal, platform: WINDOWS, platformName: WINDOWS, proxy: Proxy(), setWindowRect: true, strictFileInteractability: false, timeouts: {implicit: 0, pageLoad: 300000, script: 30000}, unhandledPromptBehavior: dismiss and notify, webauthn:extension:credBlob: true, webauthn:extension:largeBlob: true, webauthn:virtualAuthenticators: true}
Session ID: 9dfaf7c0da1e668986fa392129969978" type="org.openqa.selenium.ElementClickInterceptedException">
      <![CDATA[org.openqa.selenium.ElementClickInterceptedException: element click intercepted: Element <input class="DateInput_input DateInput_input_1" aria-label="Required" type="text" id="startDate" name="startDate" placeholder="Required" autocomplete="off" aria-describedby="DateInput__screen-reader-message-startDate" value="12/05/2022"> is not clickable at point (911, 441). Other element would receive the click: <img class="ReactCrop__image" alt="" src="data:image/jpeg;base64,/9j/4AAQSkZJRgABAQAAAQABAAD/4gIoSUNDX1BST0ZJTEUAAQEAAAIYAAAAAAQwAABtbnRyUkdCIFhZWiAAAAAAAAAAAAAAAABhY3NwAAAAAAAAAAAAAAAAAAAAAAAAAAAAAAAAAAAAAQAA9tYAAQAAAADTLQAAAAAAAAAAAAAAAAAAAAAAAAAAAAAAAAAAAAAAAAAAAAAAAAAAAAAAAAAAAAAAAAAAAAlkZXNjAAAA8AAAAHRyWFlaAAABZAAAABRnWFlaAAABeAAAABRiWFlaAAABjAAAABRyVFJDAAABoAAAAChnVFJDAAABoAAAAChiVFJDAAABoAAAACh3dHB0AAAByAAAABRjcHJ0AAAB3AAAADxtbHVjAAAAAAAAAAEAAAAMZW5VUwAAAFgAAAAcAHMAUgBHAEIAAAAAAAAAAAAAAAAAAAAAAAAAAAAAAAAAAAAAAAAAAAAAAAAAAAAAAAAAAAAAAAAAAAAAAAAAAAAAAAAAAAAAAAAAAAAAAAAAAAAAAAAAAFhZWiAAAAAAAABvogAAOPUAAAOQWFlaIAAAAAAAAGKZAAC3hQAAGNpYWVogAAAAAAAAJKAAAA+EAAC2z3BhcmEAAAAAAAQAAAACZmYAAPKnAAANWQAAE9AAAApbAAAAAAAAAABYWVogAAAAAAAA9tYAAQAAAADTLW1sdWMAAAAAAAAAAQAAAAxlblVTAAAAIAAAABwARwBvAG8AZwBsAGUAIABJAG4AYwAuACAAMgAwADEANv/bAEMAAwICAgICAwICAgMDAwMEBgQEBAQECAYGBQYJCAoKCQgJCQoMDwwKCw4LCQkNEQ0ODxAQERAKDBITEhATDxAQEP/bAEMBAwMDBAMECAQECBALCQsQEBAQEBAQEBAQEBAQEBAQEBAQEBAQEBAQEBAQEBAQEBAQEBAQEBAQEBAQEBAQEBAQEP/AABEIAKIBNwMBIgACEQEDEQH/xAAdAAABBQEBAQEAAAAAAAAAAAAFAAMEBgcCCAEJ/8QAahAAAAQCBQYFDgYLCgoJBQAAAgMEBQAGBxITFCIBFSMkMkIzNFJi8AgRFkNEU1RkcnOCkqKyJWODk8LSFyEmNVFWYXSjs+IYMUVVcYSUlcPTJyhBRnWFoaTU4wk2N0dXtMTy8zhIZZGW/8QAGgEBAQEBAQEBAAAAAAAAAAAAAAMEAgEFBv/EAC0RAQACAgEBBQcEAwAAAAAAAAADEwIEFAEFERIjMwYiMkJDUlNBYmNysuLw/9oADAMBAAIRAxEAPwApOplHrs6t6tXJSj4O0BJ9uda2uP2K4NiKbOiOSJsl/NPwy3KExGgXELgWpNfbwDByAe3BpVK97YHCYUjqmu6Zb3jhjagx7nlwPAs+Ck97ak6jQF6c8i15+3GONskjkXyYFl0u6R2Sffprv1gh7SUMAwbdTbguuY5eaburVv7j969BsG8CfYA7TGbFuCu9p7okTqLtw5555BWqgGOuXXHUHz6gIt8lGdlkqp5huripzkep4jXsiSgHjAAssHPsRjx/ThIR1q0roHocVpJo+ClN4biS82HkH2SlYbYVz9CDfAMAwYwbkZ/9guU3ZUnaWnPLM8KbPh9KmJKHsblcfsR6D7F2lW1KHZW63hPbGWFgQNSaSaMfCGVOXUAPH9OBzU3uzSrUK1aRQnb1JKawPPIIKtqhwK+2PBscyvz4nHsSNEmvBKyJV1G7skSXtJNV4UKTtS0ALLH3yoOuDBvxU1fU3zC0q097f27htNpxlaIHbMYAV/Qrx67PcEmYM7O14bs3E2B5554CtwFfgR164/YjNpupISK2pw1tuzg42dyt65tsV3ssFjXqVN8FfYHyI0R7EjHx42LvlCc2TDMDgrl5qcXlOmO0J9+JtSUGwRbgOGAYBjB7mDYiyy51PatpzOrmySnlP29aeudSSisA8ZdiDc9OuPmRfJOmy9yVxVQnTqVph+nIGVucJU8jmRxS9OEwtKtvSS81OLznG8nnXG3tSagCahmAAwYxjHtxOTYk9NSOOPpmlKqN6G0kvuHZDKrdd7dMQRYHjKNx7GOvy4yGZ6F73eHaU0rinvJ+gajyBqbHACuXbcNv7Ywb8blRA8O0wyq4TDMKRxl5QmW6a3PuxRJVQFcyucAGDGP1IbVTRe51US80qnFOnuVuS62F5QnWwE/buBO2K9SvE9eSSI2I45WDtXU70hK0l7+Bk9209geu0vnMAIFutF9JsvOuacwKFGcbPiJ9rbb/AC8dSPROeJh1hW03h5eOAIQkaI07cP3Nz2IKZ4dkkwJ9VcW5RYFkH6ABppJQwArllgHvgGAeMAISbk8chHpwSRsEaqP5hSS/nZplWYU7wm4e3qFFHG97LASO2HjqYKg/QghLMtzY0q1CRWwNydO43kg7UQKTScdTgRjsQeXG1tTpe0t0dlSlucNIfwACvItPQhLnz4VT3RWn4awJ7bv4/Q54OfFJNj9TDX/R5zS0b0hK3VOrVyqo1laZ2ge5X3AVAAKwbg4vjNRnLztm9I7KnlmUKOOkEVLsTyCyxncjBy69SNTmCaJeV6pem5RoFOgIXDsicZID+Bx19N024EK097ddUaru4XIs888ggabc7ZeR1Dge5XHXhyPcsT49bMpgojzS6qJel6apeUt/jy6yUoyqle0P3AA3AD54IFyq4XRg1TWLst8OBz+WCuDyNyPRrG4fc+naUjU3KHi3WkE6AFlak4x4wDGCvU548cVpjobac1J+yFKnUXk8wiwQ26YrbBwlcY+QPYqbY4pHsWEmv+NnC5Q0pGC9u2sJ0xBnALiTdsYOeDcjRwUR0ezYkZ+yFI8vKjNiI/jxPBDJBzwDqbfrxZHKT5IaXVPdJfZlCjR8PpTbIAB1LMA69fb5HPgi8rFbTMDOkaWpQozi1lkWBFfQ1BjrmblQAAA2Km/DkfjOP+QIIorocl74WaZfbk7ho7c8ivakm1O0DOOqbfIBuDh5K1q1arO0vKk6dRY6Eh1QgN0uPfAoqV+B7Ttlc/AYXJ5hSXhXmpRm+wcbDTgssAMGwby+WD0wQEPMdphl9RMMvOrcnvNmubDyNFoqnB7G3XqcvY8sEY5NipSPXASDHZW6p5evadQoTcNcaht8wY8YAD0VfmcjADctZkrpM6qFeak14UnojzrepuJanMihtRk2O01PCSYc3J29lIMPJsK5pqwrBYF1x4N8e4D0ItlGU6S9SFMDw0pJfeW7NxKZdbn1CisAAEWeAe3UOGOpzIzxyWtEjtW1pEjA4K0iRu+DkSY+wwaYomvo+MA2xj5YIpSWgebEitwSJJ/mHM7i5tJ5BBB4Dbmlrq9XMGNRphk1yRj8gFSuPY1p1o/SOzU4JJeVKFDhqxGnXHmlYDq4MFsOoP0INMCPNMvs6vP7cob01y09uOywDOPHZ1wcgYPUjXrs8jAXjqY0kwuqhW7OryovJ5Z9ge6gKsbZUMAyy6ice5jAOvjHgwQeeKD5epNl+9pNXUS5ZoWU/WtCgBwBZ4Bm1x7+Opgxxq1zab1rbqn1a7cBX3FRx/I5/sDjhtkOj1Wk7HlaRQ4p1JxZ+nPPKtjScYLSpUrg02wONMkcicckam0Xyu00TtTfKfZAou6laXbHnrhlWxo0Vvowcj6nLrxZQLEl0T3uYG5RoW6314ZulGq0+/v7HP2IIuVE9GSvW3aX84p77b68uVKbE2pU0YBjwAqVAVNiCDanl5pak6SXpfbk7emILsCCCLIqyr1wYPLHXjNx85VORHEqipZL2sNKt1Zk6i+mWOnAUbZW4NHYjByKgK/LHFanilRJR61N6t2dVHwjaEE2B/bQHk7m4CxGP1I111a2lXL7g7dj7coUJkRh5FuhAbsAHU9uMOnGX5TzVL8wq6Nm68KURbq6ZqISoUxJo6mjPGMk4YwV6mAGPBGSTXqUjkt9Mn+nRI0q1DS0urioUWCmxPwGlE1xguqgwFTYsa4/QBGapHSYc65paaSVGsuZiE9dnw5NbVDiQDMsR19EAADh19vSxb54nShx2St8pynJbMneHpbYadquxVkSCufaKSQV9uKakWfdUol7sVbk6huIUrrchqWmpjjcdTGM4AB4xg2+XzInW0Bc60kfcBL8vTDL/ZCncSUy49cQ6jXGkqgYLSodsY6/p14TdOkwtMvs7s0sCnWSFNvcSD7Ukq+nb9TQ7GwDmRrqtHLyRq7Ib2ou7dZ6jcQWpOCuMuuOvXwD9evA9K8S8k1tI1PN3THJtAehBpq+MeAFQFQGxX28fpxVOv8AID0dUhzBldHhVMbBmZM5NaZOSeeE5XbWJ1sAwzJU0gx3w77W5UhQcUzWz5RL8i5rUpgty7REEEpjL4SMHa8olYMpYAD3BVMvlwovYz1h1zVtMqqJTz+oTt6bT68QO8nV64OZg9CGwSvLySX3B2SK1DioZb6hII7UcaSAdTADH2ncHvwYGsmFI63SYZfbu5rA888Bu2coBZl1B8gkHrxaJVnS9pNUarvqVvoKm4MFThh1K+Pyx1ARORssG81ynLyV4zS1NyjN1px7SlHG24wAxj8ge/vx8eXRpSNV0aWq7qLEs8m4odFandrwcv6cCyFit21tpalCe8rbA9CfYcEPHaYB4wAGAGx32IT4jdnbOCRWwau2oi0OvVLJZw1cwvHXADY5EM5PcSjjskQmp4mHsfeL3nFPdnpSuOIIIOTGrChjBvjqd+r7EMdmEwtN3dlaR5Tp02n055Fkdtgs9jlwOSrEl1eJel7V0/xBHAm1yTx49zADf5YOXAvW70o8WJMt/hXtW/j3AbcaI/BI4kwziFJxcOyGSuyFpvF3UvRlvpwG7CU7fBubEU1I6eCJFCjUtDYVzTbLcLLqA4LBuVCOQCvji+Sy4NMwsGdmm8KW9SiLXEEHnjNNxpQD0gB7G3jjijV07HpKTzC06uoerzbHoahVtscgFc6pXr1xj24pXWn/ACAKUuXs1KEiRgZnFRw7oeRnC1JXjB2yxNACuCpscyDZ8+K+NpOx68cAcRrtqdsD2Lxg9SLC+TQrmGX3hpmFVnlvuXAH1DdLj5deMOcVjS0qux7NShQ3t1nYEW4yisYORUqb44n6Z6rSS6RHb77JJVZrxbGaciubueewRNkpvmGkJ/vbsqUMzOmRJrEhqI1Y5UA5QM+0travgu2DYHg9OmsaxpVtV01hP2+wtwFbnMBFXY50myXqSZfl6U7u3p3pEWetIXHj7ScoHt7deoCoAGxXHDDzVM/La1Pkr9jz+zzDLzq8p3iXDzD7DQmpjihpRjPtKgNjQk+vFEnSfJsmGkmT0kvK25uUTG2FkH37SlEmgGdpMABjxg98FepGzoZkdr2o7If4aIU2PeuK1xlmcyoAHrxQ2qU5e7IJfdkipOnzLp0VgusjcYO2Ar1yQegMHLHjieH9DNZJVkebEl3dlc/szinUaBaRmq1sdupaDGoAPYrxKSUTtKRJ2PTCrcXHPTopPOsCLtpR1wD2AHVNse3U2AY40CUW/shdU+tJ+JLdPoVJVkdg3+mCJpkhzDn9OkSKm5PdjjFxy648/BsDAOvjBgqVMA4eZLh5af1HmKY6J0lGStQ7UZKnlO8JlpiHTupCm2KHjHaYCRkjrk8vYwb+C3yc1zYkf2+YXaam74RZbjcTyLUok0Z/awAHU3NuvjibThK9JqtX2PS9ePv0WetPIdbsmutSuPhlAOZgBscyDCtnmHsfb721XdRmwywt1xJuiAA4YDDKgzhjBsbFeEccnd5hJ4Ovpgk3NbtJEwM6uXpgUMzOmdHFdcWpCt1y22056YABgGCuPhhjHt1wArxKXPkwtKVQkVyqocVDKeZoGo8ZqmyHtmGAOAAZNSpz9sHLi5S+omG9uCt2Sp1ChMQYfqNtdiah51SzwDxj39+uCBzy6K7qnukvp9ZJMt/goZtibj8RGDbBv1OeCJ+kVmQNdJswpU8wq83Mze48PYOoClzbgwWgDigArgGMFfTevAQiidWrnRvmHOqdRoTM6HoXUm1Or97sQDGMG3X2OZFrZuyFJIChX8M3hS5l6e4qky6ywVzKiZvRnA9SpzwRSpgmyYXaYHCXlatx+DkRZ+ndXDhRgHwgBuab2zvoVNmvHWzySfeNy/Q3SFLytwdkk/p7w42hFgQ1LVNjj7YCvgwAGDciwtVF7s0tTgrSOusaMj71XFTgx6PHjBjHjr7dfkRCnQxpVyWzq1eblCe5GceuRpXDg8JcRk1PTO8vcHNokdJeaaC87S8lZk7emOU2BDVmy7c/72nDTV6/IHXrxPY145WjXkkQi5bVpHVwdlbq8qM4olJFgefa6LAeDtuMYAE1PTHy4elWX3ZpzwraXVxTuD0eWQefYWViUA+wGWWCywY9/Hgx44cQzIrVpL27JOL94PHZYwVB+/DBc0S9L0wODSrdU6hPbmHkfBS0o0k0Z9uMvAUMAwW1cf14xxx1Ni0NTXMLTePh/jOn4Dy9+2BX3MfQBFcol6XmBwztMDcnT8eW68lTaIBNQeCuOpsV8EUl1cJIpCak7s7NUuuKhuOMIJzqechK4DlnAAMe3seXyIoBbXR6ku/3P9Ti3cJw75ed8fT14+hrx2YPn7ElbTT54o9zV2QpH9mzO4nWBDrnwm7Wve69lgHj2BxFeaWJTlN1b72lcVChTaHorDWSjq+DvoK48GxFDIpEl6XkqjNNJXU0sydToFvDqSjsHbAXgFeCK6khWkSqP8NNCbc3puJfcqqNsalTxj3I0SdJPvZ461raqYJemG8JFaRQzN6a0POXOrUfZWoO14FFff8AIwQBcafKEZef1DT2QOOeNEQfmqR1SncAMGmqDAMGMG/AE+mDWlH+M9IvAGaBDIBxpuxy8flwOV0ua1dP3WTyn4PQNVGVryN+6DhHH+RSTNfHXqgKPUiVQ05gpDcbzeeIy5ywVB2YwbG3FUVUiSm7JG9J9hamx5TpiC0JBFxAm2KlS00wK+37ERV1LDT8If4ztKfAdwyAPQ4ydIXqOMf0Bj5ELswl5WkT3ummn1x0/aGMaY3c5CcEUrjkTskWRDK6R2SXtpogmpO3qSUx9gudVqZcSaMABjLMqHDBvg9QeOJxFGav/wAIJh//AKMZpXt7kUPOEpq3VP8AdB1SzjwfALlpSb3wAqQwhZ5IWXj7i+qWcbyTYa9Marf8tXtxPjxqciRaDKD5sV6p2FqE6fScO+E6H/dxxNHRWrl5qTq5hlWTU6e2sCc6utrpfLugOfFNSSXR6rS//TZS44/6VdbU3/zA4fS0d/e9XJHUxPLNdjzLfOrqC8kmjGk0hYwDHgqV8Hio4lx41ORILpWtSlyfBeSirKf/AJU5L4QaYVk9QEKHZRo6mNqQk5HSgw+89bLa2K8nIZ1/5a2UAv8A9B/khRxx8FOQGz+6XuVdUanFmcL7fkRFxBuA05dfcHphjgQwOF0Vt7TmpxvFuWRfr9zB7lflg9iM5cqSKeJhSZpmFVR7cO0noWo68k7ejLGMdQHI2NiNTl+lSXrr90KR5vHabiQlK0XezKgADHGzPs/X/cxwbexF8+IiupcaUk1J/gB51Yi3RHkEANTHYKg8Ax4Kg+Zjgo3U8JFaVQrdpVcU/BnkoTyCDVJ2DmYPbjPCKSLpnC90aszzrph6JcuPVFKSSh9rMscFTmbAK+CChFMHGEiuiGVVDep4ci3Ptb13wsY69QHMBUi8enrx/chJsbcnX5XE8UydkLU3tPYA8p7ytTHnn26Uqxr6ABehHXHjGAcB84Xu8JOx9x1khT3deSjtCcfZ1NuvUtgehBF1p4aZTYFCtXRAzXd6O4BCuGuKJNJGAYDDCbKuSVjwV9+vUjJZ4pkVu0wN8wy9L6eXnhSiuPwUQdZLK9cgdmSMmoCvbABU3/Tj2PXgLdj9rZJfk92V0as6R2o1mq8JkRlj8FLSjcFSpsVBgr4MdfHFao1fJsVyqnl6U5LUTU8Mq1TnS4kaJHXGTULr23MH6gOfGNl9WhTGkvDSrpz1dMTYEHoWpv3PLT19iAsm9UxMMjpbpJFLzizXhFcT7BqRcFXGPR1yh75xw9zbimGnhJ8+LzPckj8vwPQR80UhJGC9zDRW4p1D0TwCF1AmKJKGSMfAnDGdXsRgHjqbmCM1Z6H1dMc6PCvP7czOCmzPuJ55K42yASAAzMCgA6mxub8WiS+rIVzC/wCaaQszOLPY2B65c1XlcdXqABaDJuxOwMFcY+9bm5pplMlE7tnhW0zooZnBSiMIWrkMuIrzdQDBXLLtq4DgbgCag64B4AD24w9zb06q6l6luYWmX1CuXqSVDy4Js4kHIWpqGaUSbYE1NCBRwoLYe2PfBsRoFB9Ecwy9MCekKkKVXlmUJmUxqzUe1X5SdbHjrmYK9QGm2NuoAe4DH3LlLlHqRqTpOyBucU6a0PIXOrUiK0owD0lQkZNQdQAAYAcj0Hz6XJIVq7pNkwMzdnFFp3U9qGhKtamCzApOGDYBv8sG3XiMcR3u5tLukwdkM7urMnl9MQZnp1PXDsm01YQoAQWYAAAVDR10eAdSvy9ivdpOlOXlbAz/AA+ocdCXcj2pcA0okoBIx6A7frgGTj8iM8ZqF6BphS/BMwSK83k+3vxDUlvNqOpvplBIB7fI5caTIFG6SieX1DTKaRmUqFOn4AlCmONwVzDLsDbGDfHX2ARo4+CVkiypGdpvTO0pLwnUJkRiFEQuXXk0lKTU4Qdcdfcx1x8LEouU7o6qJhzqzZwsCyDj9Na/rt+oD1AQRMWJIFqzFavutRFKu5Oxn7yxzC0v7gruji4p7fUj0Ol0QyRj5lTTVAb/AKmOIS6R5hdnW9pGpx1lrUkEbfeRgs69cGPTDqV9+FONLDTJE/p5TmFquydxa79nU9cAopGUMZwNIAYKmAZPL34rwOqQl5pak97nWXXFQms77YLjzdvBaFgvHBY9wA/IjPJHYpHJW1OVZPdvhhI7JVPwkQZYkH8KdUPOHaaYAxjwDADbGDHsRm1KMttMvKk7Srak6i7EcOe1WtjXAcPbuhwN8e+AHMBFdQ9X5R7rF7kuYXFOmJMP0DUCysgbZmNRXqA8iM5nX/pJEmsdhFGubuE4862SY7kWiYCevg5hwInJr2NEexW3XNcvNMvp5ezUzXhQ6IlxBFxRFFWpwAD3G+pXwDBXsa+DbBuFGqidpdkiiYVcvqE7hqxHwVUU6IADtGWSNDUJxjBjsd8exv8Ak+UurQpBmx/b3abJfo9UN9hbn3FEqvNkTXIB3WMYNKOvgBXqV41cHVlNSR0TLHZgcHnN2nIPIlZbZ2owDrlgOO54gY6lfbBzwUqcd/e3B4lyYErS3pFTW8N6hNapzz8l6TFYzK4NMBOAY/LwbW/EWSzOyGVewhW63h4t7fTrlSnRW4+3KSgD2yRg2NyPNP7tBWk/6vUQS8ocO0fcqNCUSb5Y8dTGPY5cCz+rEpjVuqe6UQyq3qL7bn3FqOUm2VeppAVwAOBpjh8wcTk13kcj0E6s7s0uvY8kYFDi8atqOOyOvNQHDVKgKmCuDbBBSbWOYWlqUdjzU8uN5I1I9C1KjTScHCGaGoDY34x8/quJhVq7okogmpuTqT7DXnVVv9sMqVKgPI5EX8ulSSJharorYPhDtN+alqkrY7ypAdXHg5cTj11JNhRqOZTmHsqcJhSJGZ5cFKKwWrpjIGUVa4wAswDGAFrX9ivFvAnpjSap/gCbviCEIOFrj8YixfZcoyVy+naZhlVmu9hYWBCFUmKJ5ZcZ3Pc+UTzDL6hWkorTqLyeptiGpquK440Y64zLzZA2xg2x1+FrjjRHBUzySWjAFlMd01uYKAk/mCEvI875ccOU2UxpFWt0k0R3fSWFxQkqfnIwqWZbl2YUi/sslV5l5PbaFC1Wy42ywDBXOGAkFcGxgAPZ3It59HdDl1UNKR/mpPee33EHM59fcB7cUkzTj8a8dnlMd6un2XqPE3mGpEUaTg55WODB6ymPV7p1T1Hifv8AoG/TY+16GM1HRXR6kvEwq5qpDzO46jp0JFxxgqDsB19vBsDr+RggwuY6HJel/VEihxuyIsgg88gClTww65mA0HaQehg5eN4ySxaz1lMesXvqyJNbu86Br4Xc7TsbcMH/AGY1aXVOrdl7z+pcgHxPlj9OMEnUtpl5/UJM1J1DO42h7WuIsTStsGkMBdxjAMGMFQ4e/EKX3xIkVXR2pKbmZQm4cjsOb7UnACpaVE/I3+eD06VvLM3oizpNSa27dWk3KE6Ygu2IQkEGm2tckA8BJIx1B19zvoISGW6TVfG+rITqNB2g+y9yK3I8yUetKX/rrJry8WFge6usuDNNsq4B8CA4AAArkg+aBFyPnyYbpdJepplVu/MZVP8A+LhW6FGOh+k12dW/O3VPTCoZ1NpxFceUacUCvXszh4Nup6kV2aqO3ZIkb/8AGzmpP3/4VVKdLgrllgJqVAA5G3jhwxZTG7f/AHPN39R/XURCMlem7uTqqE/f/vV2r0FGDfhWHw0aS4QmZj5j6qClsORWSZkJEQ0vWW1yA/y9avhhQOUyX1R92yZq6qhOn+3/ABUP/iIUKhng4Vp/JDdpHFp/LGpiTQQ7ES0yeFx2COnCaCJEDQGXTikPkKI4di9dJ+CJyUtJAcBnQiJRCi6QFiIUeNRKLWeNKIDkGeKcZiVfPG9Y7xBURvH5P9sdllxCLMh4iA+qm9J3W1JlHyEN3Np/ipuUfzEBv0IcvHThYRZkA32Py8r43L7N/QQfUiKZIdHqvjcgMyjz7UT9SChhn5xCMLg8sCEsnynLzrnaXpVZm5R39ChAUbz8YIKGKPG44tP5IYVujSk42rTwU8yUbQzI7NN4SJLvd1Nmfp0JCnYxg4YA4CKi73xvWPPwEPniXu5NY9QqBDrSJ4opTp/iDwXn1xgGD2IkVyLeW3pPBYIAjOfs4S8kSXRXL7z5+3INNO85wIPUBFXXU6S9lvF0Vzk3J+/5qOUle2UdCw8DchrPC1cK8fnEYU1U8NP/AIqMzj/pU8hCb/6aLWlmhXq6t2VPKZP4c1WC5D8oOxUgJB5Y4WHgaMWXD6RwVtKq9tKtxblHfyDxlG+uCBEvzJL0wpL20qk7in7+hPB74K4IKORl0S/BLU4uKjwHAUpsvi646g/I2+ZCyMrIZl7vCtXeFCi3022bbfGQrOKgRSpJF6zSrVOLM4d4dSDkJvqHAwAr8uLWBQkdtbSK2679oPIPtfchG5Oan0qR2YohH6p3Io+f/bjgzxRJ7kVCvn9HhsZniieOLTwuODFF76DgA7wWrdkihJdG5QnU9oP0pR3obEYO/wDU1zC7Oqh2aZqTsyfvFgM2x9MY69SPQx5kMwePPKXqc53Sf95Ld8u1ftxK+wfSEk/z0ZlH+qh/30bpHF4SeFp/+bB3Yxgui+lhJ/D7NwFhwA+C9fYh4iR6Y0ivVFbNq2gI2ytFg9QEa99rpXiUQnukCxjhMvU9lrci8vIzZVQcvXyHX4f28uQFT3IUbHraTuXIo8yeAwyFA5GbMgKI7vHjcbQQ30ZO3/dWn/rUZX04IAo7oyV/5lqE3mHUf14zcyM4kjC7NXEpKjV+L/PxvCWiuifwR5T/AOtYeMozon/jWYf6cD6kOZgcfNg+b9a/58P5v7run6cEbiXRHRkr/wA4Hn58n+6hfYTo9/GuYv8Adf7qHIwOPIxhKWk8E1j5r6cd3fW+KuP9OH7mxGyDoLlPuSann5gmOC6A5e/HVR/VQPrw5EbziSMyAovfFEqi7xwWs1Twfz+ljTPsBtP46av/AKKB/fR9L6ntJ3JNSf8AqrS/ropfG94kihkfnUNjM8EVp/MWH068aGR1P6vuSam75cgcPjoHmHuSYJe/T/UhyI0+PIzwi96vxf48jH744fLL1vui794wfQiLTmiWUJSVlmyYH9nUqFB1ybCCDz9MqGAY9ioDAAAK44wCVeqUdkitOkndJnlO4n2BJ6EglMp85yBg9Ty4WRnHzb+8zJL0vXdXMMwJ27vFvwp3mwbY/QiruNMFHrU1qJgdX9SnITk2+TQHprbHU0dfAPcjzTSFSPKaydHlXKeV4cHhQt02dUJKZMVgswFl6WuCoPBv1+ZAueZ8mCd39m7NkrenIbiS0KMhCeOy3x48A6gxjqA8jchYpW2jLPlK9LCo9JLrWpl5o0fX0+snFd8POOwE+QAAz/IiT9gdpSpb5MM1awp7efXU/pjja44EJKdJel6X3CXmm7tyi2MuVvfbIlLuGGDJKrjNHjGMYBg8seCMemdw7N1d7dpql68WNhw6rgsdfTKQWw+RjGPbidhXI0Q7I1NTplSylTlLzifkydfKhXLrPrfFgrjGAY+YCpDsuUgJJsSqLpq6hNw5HuGF8yMiQmzC0y+4S80v7Nm9x46QQ6pdNsaTGbgHgADBU2xxa6HZTVq5q40n1ZEpPOsDyTeQCzwD5YwepHqka5K08QjC7prcHjy4FnqEnhaf5+CitTGxpJhaux524vb2/ejbXy4oo6MljSqyOspq1CdQH948hachM9fH9CNYG1q1fFGpRDhcrzCr4o1fpwfXgMTXLJsa3Y94dnV/TuOX7eV0XVzDORxkkYxj9MA9iNMI6qak1VL5DSkSt6jIlJsLdc6uakvzlsBXYgH5YARY/sfzX+L6iK+8UKu6pXkV9gDgnUZMvXtkRAyzPXJiUkFi+E+cfp/4g5M9rJhSdebJ0Z0y9utT0R5DreStMMFoWYTXH64OTsDg6zTQ7JFahIkVqGZ4TcOQQfZWxXfCxg2yqmOM/dKOVbS51FbVlUHp8uTLYOiIaZT88AAPbAODCRHMM2Zvl6XpVZk7gynaA/sjIv1l3vTHArgrjr4AYMfLHDp5SEnmtol+nSbGnVHa7vKf4+uUb65P0wDjQmOmiSHb77JFDMo+P1kr1ycfrgBGHLqP6QpeYFEwzDL+bs3cMffiDSrLvmAeDn7nuAqF47rSfoI0WJ1vZ7csSO3ws0q25xT9/Q6X2wDwQRVl+KJ/1seKUs0OzSrvaRUovHfyDxlG+uDHF8Y+qImFp++zrePiFxFr+mB9OFidb0ZZq1fdSf5iOC0/jd4jPEPVCS8ravhaX3C8aPToTwKSueZjGCv5FSB/7o+j69XRU6J2/wCIXIVSHS97rnAqQsK2mfzrp9OOBwBZKQJTmv7TU6tzgo+IXEme2SMcFLx3JrMVTrdpDNaumr/PwizFfhUcdfxSJQ7pdOKQemdb/An6enChgZd77qUexCgKvaJPBLxDBbXL3G81XdR8R+xDBZauJxBcfPfTEOKJdUdXFP3gi/H/AF4cvCtJ/CrjePPn+/XgcQounFI7G4K+leAKEOCv8YHH+nHQULmB2/j9x+firlqIfL/nMBZSJkmHuSYHH58H1IlETRMP41OP6A36EVMstXEozpYEAgLL2YTx+NSn+gkwiJspN/Gr59qIgCWXEou6QB7s8pD/AI/T/MH/AN9CSTpSEkVXvP6dR8RYaIn1B14FkXvwtPEpJe4lWPJvVd0hTDO1JBDRMLopIb5dRlIiE6LKOvanZAnjqV9jKMFjXHj4IHIjIGdZelfWatYUJiDCCLfSm7A+QDb2/UhUvzRlmGlSYJgdkt5TKXNQST1u9EjsC6noFA9WIUpZUrUqyOqRVkvCg78GlsqmPyP2oqzjauY1nZS75VaRSnPcTr7YEfTAP1PRgg5XR2arorVtyjvB/bSfbitmdfPydV1+4jftH9u0xuj+nE8ae9wA8ZatpV/BKpQn+X0XqDhgyZHbuvNyjz6EHvghxWjgWYngCnZBdONyqn+Q0X0BxpVC02ukpo3iYMkvJ1GV6yp0KInrjKKKyAHjM54K5wfmox1IjvatOkSd+i8q5oVy81KJe4xdtAQf2okqpjL9AcejU25YrzB2Quyq8KHG0P8AkviwAwA/bihvCy9qooiik+YlWqZ/1dPoSCLABZXuRbpZcEkw6p3R00hcdA3LjxMMvKr3L0wOLMo8RXDTe5txqcv04UhcUmFXnn4/gjfqDijN0vxZSGtIk42r1jvHCmnebADGOKg5PPVDNElJU+R3EvXr1JN9JRIiLLRD74cPAD0K8VxE6060mKcqpU59gzRlyW2QlFpHM0oeX9+uPGT9qtj0XkDh+bZUaZram++KXBvzKdoFyGoap3xgLLBX365w9vucEWnJ1JKt1yXpXSlSC4p1JN4IPJyEWZxQwBHvq6/sRmk2KpK33NPsTY2oORHnj4Ph+IwTR/LyVL1+x9MoUZeHXLcl5UneWcPGOIjrKckK/vslZk/y4CoMfuFJUV/fZ1npR549L+3EJX1FFFDT99lTym/PpjRJffTxPkYfYvH7Mz5/UwZ+4ynROkVZ17Kma8Zf41PRLivbx+3DOe6KWrL9tJRqpy9/QkAL9iv9OLsioD6jxrDk7IqSUCfJk+0dYTwiVGeoSnisUuSf1LbTKrglodYZhmp4IIMynOp645MhbagK9plrlAth8gAMHP3B0wnsZNvsXPWwskmxGWhNL7+1p3Vgo0TvCBRwJyIg+zOqDqD2AcsA4+Osjy8r1t2krN3n3UCH9ccCPLWZZiVMNdU7kZEKbgUR67n9rJhxqkGY3d2QS+1MKpxcHI+xRoUKIalUeb3sskGMezGl8dtji1ynLyrVJqzd/rxrU+wBRA4c8S9xR2mBmcU/zRvsVwDjHxyerScaSqE13OsD7ciyNJN72YAewOCuWTGpHll9Y7Oh+RveiDLY/JwiM0BwyB+gCoAfkDiVg2GUpckqkxSoC00VqJhu/dyEg5NpfjBgGAmpzxgr8+Pb1DUlo53YFHZslys0wJjjNAhdQKS7rsA02Ouby8Y8Y4/OhtnCkuh1WoSNKtOmu1ohP65ADSjix7GAeAfLj17RJTZMLq1M8w3pPeEyIw/QIQFbGBUn0IMewMYAb4wJoxybEkWfvv1Gv2Rr78GfH+PDDxZf6vSf2B5Tvf3/AHn58j+5iOqoHl5XxSanlP8AMm/QiqfZMmz/APHKfXhkylyYUn8FN3z4/qRS2R+brjWEfU9tHck/uP8AQQfQHCivEU8O34v/AKe09+FFLJCuNi4zEnhaiOC1HjcQgFq4mkGfhVx6o7tFcPkLFfi8RRuHisdgcPFICUQoVxLAsV+CQOzgkhXj8n+2AKGLI7LcIF3lJ4zHYFEAYIWeKQ8BZAW0/kj4es8b/TwB8CzxSOyHy6RXbxlgQ6rFcB5DpER9j01vDQrT39Nlc1BxJP5LcdQyvuVwVPWhtK9q3VraEeVLlTIEtp++fo+vwejr+WDY+uONIpXb1edVEw5q4wRrtv26pgtOfyBxkSQxWkSJ9au+n7RwRxQ/qD9+O2dLcDOu1EO3W6+blhZ/yQ8HvgBFkGogO3KEmsJPCYfSrFcvK72kVJ/lyLUr1BxwOzy4Hq08S1k4uiv95pl/J5lrs/cNgUe8eF5uT+Yr/TOgJSFH3X4NAzIQkdXTLnbIoToG/jnfTTR9rgy3LL21KLp38vgIE5cqtLlT3RJeNdMXHevg9gEAQyvLUsy3VKwJ05CftBH9pDhCTLL93mJg7mO0xHef+UPYGDnRy1y2qaHJ/mK65CGlv4C24M00YwDAWD0IkSMty5MuRMpS5ciBxy3I7Kd24oYOnrx2N+YFiSYWBPMKRXd07iTb2CHheeWYdt4B19ipsRWJgpgkmXbwkl/JnBwy9oQ99+MO3/bHGPORjs0pVEvK3VxzemOMIOIIPsijvjKnPBUH6cBxrEiTiiROn/SwsGtybSvMMxTSQ0uyVMnQPWpEEeND4raDHXHUGPQjHyDzvQ9l0HviSYZKzTe7xmXUbfgjTkAwV0pnM0I6noR+aw1qvJl6+RWo+QOs/cj2BQHP2V1VN7xervkeiTEK3Lk7SqGPGZU+JUGgO5ACF5INyMex0+o/V+zO308een1+f3sf7YvMdIuWdUk7PMpzBNTw5HszmoQn2604y1ygGMGUzGPfqVvSiBLctDdZgZpeRiIUODyeUhyW2XR5LbQ7cbb1UMrZUk/N82q0l37IkWu/n6PQn+hgTj+VjL2ZvSXtOrvV3UJj9AfbjTGk79pXBXqRSN8ntPCWKfOORUQMCVIquivLly3c8wiNnln/ALK3hHmDWLYu2tz+OGnYB7GPgQAH6YIAq5TduypRql5vJ5h5J+A22r47T268aVL8jus7up9CUvpCE+bkSd1e3Q+uYUSpOqDITlkgqVx2NkDbBsD5GOr5/eyfN6tJ/BTMn6c86LlQlSIrocpeZ6QtXcU7cfYOaEg8FqclHt2fPAOocDnlAi2lUHUOJWvOkw0kuCfKQTfTiGsknIZkS2mAwsFU4YwDAMkYKnfQR8Qs/U4cTl6QKS5qUfEWxXsANTe5HaSr04T6kpYpUmCbEmVO3t71ctBj40SlTkjMqeWSOpzKkVBxRpFcqs6TOrdnBudFpFgeuAVojgJx7Y6gNuvHoxDJeRWlvcvdRGoUfHzGeAr5wakB3vw/OKym2jJrTuyWiCj2Vkyk8xCTcaik0k0AK9mZdhk1B1IpUWPNTNkmKYWvOiRpeXgjrltS0hFXU2yWvXIMAAFfGAeD1OWOLxQg8rJUf18u5bwnup19a7fJZaUGAZdQewOoDY5ZUS1vVN0rO6d3l2YsrceeqJ0CJei1E3ll5a4q+PcHXwDBj5YM/WP7vO1/mxJ1k8wNxxi9aRkJs7E0Y9P6Ff6HIOHGPYgtw8D6/YvacnZO1hP1/wCxezmZY05quiRXq6biVhwV1qAGR6hIwEjHy044SvxSYFEYpQLSwrnZ2US67NeTKozZbkKD6m4fwe3y1Jw41pWjV+CQj6d0fmIbvWPrsZ9df4CGjdvC0yj5cEKEQX+bwoqzqNnD8kcDUK/C4EAWeN9OnuR3nDJAFyDIfLUQEIWXvuWJRBkAUIM6W8SgFwPHDxCxXATi06vwT+1jswxWk7lURCr/AJOnlx3ePBICVaQi9biLePG4fSmK+hHSpAPGJ44MRx3eOn93D41kAIPa0iuKS90Vym63i9sDf5+wB9CNNMR/zf4iGDEaSA86P9BCVJeFcvav8uMr6cUM5rnaVFadXla8qi7fgyDL9yPYJjX0/wDeCAjixpFfG4J1vMxU/o1WXrOojyFH4VtQ324tDVNitp1tIlblHnyBmlewOLRNVD7S7cUSaxGSvFHEwy9rbUpUEeYg9XV1cOyFqcHbi7gmPLP0HBHJTsGjB5eD1Iyx5Tq9XunePcBB5ufFfFHZLd3CwMI+KWFD2y/L3/LACOFyhIkSJ87JdXU2hFuR2k0A+DqeQMEEl2b5bf5ikxnSBdE557iy51O1i7G2QDjiLOp26pU9CuPcHUiCDKjaaNXBqVqmXIoblqJc2W555S5ZbDHwBIMFQAADr1+9E8sFcOlpVmLKwN8qNXF2ZFcUVhorY2udUtOXxkfTHAW7q1SS9uyo8hQzHGEWB/bcYAe/bepzICVM2tuqdZ/GKLT7fCk88fMqepFduiTwVTEpWs1VOrvXFjufCOgIt2SeMxotC8yZGl0yy7lt1GcjS7FD1rPKcqAAQLvtd0lDGm88IofaYz+ObSCkUkkMlsb1t1SVI9Hs2UVMDUldUrjNGcyl2S5fv2V2qDUH8i2JEnHU2xjDyAR5uQrEiTjfF/0pMXEilahObmkgVJzA89kGTIZbrkRIDCzzBjrjMyAAcTUGMYxnDAO2BXEOpUr1I6yJupmd+J0qPLN/pVCd/wCmTj9+Jxx14Ne/vyb2dkjQqNUzUlYOyB1VZcpCckw84/tpKAmuMdn6ABjjQ0hn2E6DHedptS5MkwTocpfHQnH26pUR19sGA4lN8SNQcPcgDR+6UO5M3tTrS9JqhnT2Zx/XOGmtiiR1wF1DuWaAmvX2wWwKmOKD1RtKrRSZNLerVOidTKLNrthbgMNWGg4AsZO2AOmGMdeoPSnA3CYuwO6PJYUpZfPmB/yXh/nM7OroflyWRtmMdoSX6de8j86T3mPb3UwuiRXRsztN1cVGbnRa1HWBHAlDGA8FpzLFYAHyQ4/NhfT+oWK9XE9KMnbusclTFnehdzh+3GydTGOSKblLxKc1O0xEO+TLfs1EzCqKRLEwMnCAAAYK5oN/mCwcykY/QJyfJelNJ/hNnWVWZRrJBx651JQ2xVcYwbePbGAe3ub8YJ1SFPfU4zBRsol5LS8zvDwmWtq5EQht1OlJAMg7TArg4E4fqAjtj6mOgaXvttNFbMo/PiBrv/MjHFb6oBilSX5Cd1SKX29uITklZFhBCECa2SgGAZxeAG+UA4HpxSSSxDCPCN5fn4qU3ZL8K5FLeo7QeeeSmUk+gpGSOKIzKXTOpDs0qk6h4TnXFzsDwZS1ZXfK+xX9PH69fNl7gqd3NS7OuW8HuJ5h5534TRjrjyxJQLHW7KEjZ1+sp/B7cZ13tGhmV0jSl7IWlLd7yeYeT5rcLLHvlAx49/140lWsVxRaGZkdZhotZ1jqmUEOCcjIiPtsnWtiyclQlR1h7dcqpj3x14syiOFU0hTe+NQohWl1+0ku8KDtjZBkTrwkiCQoSJIlGOHhcHAwQo6dN+HjFHjcCyFkOEKIOxoiJxBkAQKIeviS9/qIA9aap3NCPMgLnDxvoDnwr5430rwBq+XToD6EOZw/JAe08b1fR/Nb8OXjxrpj+oOAL3hV4XD5BnikBwKPG7x6n0PQiUW4dOm/AGDLp0/bhA8UgWQo8LiUWsunTpy4AlEQcRDDP/n/AG4fIM6cFAMGI4FurPe4tFn4rEU+Aw6cZDSK9bukZk5N6vNSiXu6Lcs8i39vpzI9Turfe0n/ALIyifJPV3S9pOMJtOSf03IOGIsDf2PTAzu0w8Xt9N7cOLxq8jovalatReMpxtsR1x2eMde0L6b8MPhit243q92tPnfqYIYcXBX3WqvCiwLIJ9AEdpODzL3eP2IR6jVE6v4iBYFF0S9OFhJ1mTNd0y8Y7THAfPcLpExAzqnPLe1aqwIydoyZdIaX18f2xYAi8uIiAtrSay6KiFB4v8neoIDmRqy+EKPkI9HS91SNCvKkamteRd+FyrSAWmXkYNz1x14FLZodXXVRZE+XJ+QmCA5kRq8t0d2vOCbz1maT5seOp7YOZHRnYR3LJcxf14T/AMJB345FcTjV3nLlS9e8fa856ETXAzIky5qCqyndb7aw7r8Ib9rB5IPrxONVNKXr5ZeaXBMo7+tWgU2Pm6hIMfPgaQ3+KR04QS4PyfMrrJ7+gmxgVXdwZzy1iM3r9bSA98G4MG+AX70PJGNJE0hjSeCRyPQ7n/0hlKzsLJlYZKl5vP6/2zjspynL6lYEUOaqaaV6YmxQ00hTRkys6k4s49CiQkptgdcGMYK8UIiW0ngsF0LOr/BHgtLJQzRks405vB+XvN+JKLy+oVF2ZqGqKUakhVkalCg8jTk2604z2ACins17SRcm1ZBVpJbgk7kjsazVIqiFZxeCIIOxC+dD4UCjVms5dahQFBLMvfQcSiDO5OnTBEW8f/P09OFeLp+kg4Tbx+T/AGxOvHhfGIAlqLpDd8gLFfEnhfTp7kN3xJ06bED0ijVfB/kIbtOMdOmCvAGBrEnhcdlqIHV/yQ/eO64OxQtZ/R4fIWQBIWd1/r9LuQ9eP926bkHCxHuHTy4RCxJAQhR413zp7kPgWQdjRbhD986d5ivFrNbvcTSFH+7QFhviT8GWJRBiTp+rgDfEiT84/svpxOvF0vEAXAZ4J+ohFwOSLIfMWf0eAm3O9+LxCPR3uOy1CTp+xD98gM2nGhyXph1u6ZucO/odF84DYHGUvnU4TCkVXpI6ZFCf8NhHqItR0I6fUjgziv8AyNLBw8fKqE5hScbVwLVUTuySPYitGkgefL6TwWDyvo8emSG7JO5YRcrq0ncserlUltPgvboDq6P0ngsCvo85kMfisEUjGrjbjKP0ngkLsHyQK2RES/4pE0Er+KRq5cnw8CU/FIPWWESv4pBEiW/FY0wiX/FYfAxpICgJZbgiklfp6n14upbekh653v8AXwFXIluCJDP+bQXu906c/wBjbhz87/vYCCW3xKjg9RCPWfzfg4OysvG4UcFmXvuqFAUJLxT5eOEvGvm/pwoUHB8fFE/ynuDhgf8Ab/XhQoCUXxpR0347T9PbhQoB/urpy4fy8U+Q+vChQHbb3ND5cKFANw53J05kKFAdq/7cuJxf+TzBn6iFCgDZHG8vynuR87qUeY+nChQD6f769OfBEHFFHykKFB2Sviij5T6EdkQoUA4fxX5YuJJ3G2/zEKFAN91fOQ6q7o6ciFCgIh/GunIHDI+nqQoUBCS/2ENp+ntwoUBKB++n8/8AUiKZxTpy4UKAXcrfDsKFANH8U+X+mCIRfGoUKA+F8bT+YTe/HCv+w+pChQEVy4rl8x9SB4IUKA4y8dD/AC5PchQoUB//2Q==">
  (Session info: chrome=101.0.4951.54)
Build info: version: '3.141.59', revision: 'e82be7d358', time: '2018-11-14T08:17:03'
System info: host: 'DESKTOP-88991P0', ip: '192.168.18.28', os.name: 'Windows 10', os.arch: 'amd64', os.version: '10.0', java.version: '11.0.10'
Driver info: org.openqa.selenium.chrome.ChromeDriver
Capabilities {acceptInsecureCerts: false, browserName: chrome, browserVersion: 101.0.4951.54, chrome: {chromedriverVersion: 100.0.4896.60 (6a5d10861ce8..., userDataDir: C:\Users\Numu\AppData\Local...}, goog:chromeOptions: {debuggerAddress: localhost:56717}, javascriptEnabled: true, networkConnectionEnabled: false, pageLoadStrategy: normal, platform: WINDOWS, platformName: WINDOWS, proxy: Proxy(), setWindowRect: true, strictFileInteractability: false, timeouts: {implicit: 0, pageLoad: 300000, script: 30000}, unhandledPromptBehavior: dismiss and notify, webauthn:extension:credBlob: true, webauthn:extension:largeBlob: true, webauthn:virtualAuthenticators: true}
Session ID: 9dfaf7c0da1e668986fa392129969978
at java.base/jdk.internal.reflect.NativeConstructorAccessorImpl.newInstance0(Native Method)
at java.base/jdk.internal.reflect.NativeConstructorAccessorImpl.newInstance(NativeConstructorAccessorImpl.java:62)
at java.base/jdk.internal.reflect.DelegatingConstructorAccessorImpl.newInstance(DelegatingConstructorAccessorImpl.java:45)
at java.base/java.lang.reflect.Constructor.newInstance(Constructor.java:490)
at org.openqa.selenium.remote.http.W3CHttpResponseCodec.createException(W3CHttpResponseCodec.java:187)
at org.openqa.selenium.remote.http.W3CHttpResponseCodec.decode(W3CHttpResponseCodec.java:122)
at org.openqa.selenium.remote.http.W3CHttpResponseCodec.decode(W3CHttpResponseCodec.java:49)
at org.openqa.selenium.remote.HttpCommandExecutor.execute(HttpCommandExecutor.java:158)
at org.openqa.selenium.remote.service.DriverCommandExecutor.execute(DriverCommandExecutor.java:83)
at org.openqa.selenium.remote.RemoteWebDriver.execute(RemoteWebDriver.java:552)
at org.openqa.selenium.remote.RemoteWebElement.execute(RemoteWebElement.java:285)
at org.openqa.selenium.remote.RemoteWebElement.click(RemoteWebElement.java:84)
at webPageObjects.clientPanel.PromoFlow.requestAndContentTab(PromoFlow.java:355)
at webTestCases.clientPanel.promoFlow.Single_ProductMoney_Campaign.single_ProdMoney_Camp(Single_ProductMoney_Campaign.java:47)
at java.base/jdk.internal.reflect.NativeMethodAccessorImpl.invoke0(Native Method)
at java.base/jdk.internal.reflect.NativeMethodAccessorImpl.invoke(NativeMethodAccessorImpl.java:62)
at java.base/jdk.internal.reflect.DelegatingMethodAccessorImpl.invoke(DelegatingMethodAccessorImpl.java:43)
at java.base/java.lang.reflect.Method.invoke(Method.java:566)
at org.testng.internal.MethodInvocationHelper.invokeMethod(MethodInvocationHelper.java:133)
at org.testng.internal.TestInvoker.invokeMethod(TestInvoker.java:598)
at org.testng.internal.TestInvoker.invokeTestMethod(TestInvoker.java:173)
at org.testng.internal.MethodRunner.runInSequence(MethodRunner.java:46)
at org.testng.internal.TestInvoker$MethodInvocationAgent.invoke(TestInvoker.java:824)
at org.testng.internal.TestInvoker.invokeTestMethods(TestInvoker.java:146)
at org.testng.internal.TestMethodWorker.invokeTestMethods(TestMethodWorker.java:146)
at org.testng.internal.TestMethodWorker.run(TestMethodWorker.java:128)
at java.base/java.util.ArrayList.forEach(ArrayList.java:1541)
at org.testng.TestRunner.privateRun(TestRunner.java:794)
at org.testng.TestRunner.run(TestRunner.java:596)
at org.testng.SuiteRunner.runTest(SuiteRunner.java:377)
at org.testng.SuiteRunner.runSequentially(SuiteRunner.java:371)
at org.testng.SuiteRunner.privateRun(SuiteRunner.java:332)
at org.testng.SuiteRunner.run(SuiteRunner.java:276)
at org.testng.SuiteRunnerWorker.runSuite(SuiteRunnerWorker.java:53)
at org.testng.SuiteRunnerWorker.run(SuiteRunnerWorker.java:96)
at org.testng.TestNG.runSuitesSequentially(TestNG.java:1212)
at org.testng.TestNG.runSuitesLocally(TestNG.java:1134)
at org.testng.TestNG.runSuites(TestNG.java:1063)
at org.testng.TestNG.run(TestNG.java:1031)
at org.testng.remote.AbstractRemoteTestNG.run(AbstractRemoteTestNG.java:115)
at org.testng.remote.RemoteTestNG.initAndRun(RemoteTestNG.java:251)
at org.testng.remote.RemoteTestNG.main(RemoteTestNG.java:77)
]]>
    </error>
  </testcase> <!-- single_ProdMoney_Camp -->
  <system-out/>
</testsuite> <!-- webTestCases.clientPanel.promoFlow.Single_ProductMoney_Campaign -->
