<?xml version="1.0" encoding="UTF-8"?>
<!-- Generated by org.testng.reporters.JUnitReportReporter -->
<testsuite hostname="DESKTOP-88991P0" failures="0" tests="1" name="webTestCases.controlPanel.clients.BusinessRegister" time="25.489" errors="0" timestamp="2022-05-23T12:33:26 PKT" skipped="0">
  <testcase classname="webTestCases.controlPanel.clients.BusinessRegister" name="registerBusiness" time="25.489"/>
  <system-out/>
</testsuite> <!-- webTestCases.controlPanel.clients.BusinessRegister -->
