<?xml version="1.0" encoding="UTF-8"?>
<!-- Generated by org.testng.reporters.JUnitReportReporter -->
<testsuite hostname="DESKTOP-88991P0" failures="0" tests="1" name="webTestCases.clientPanel.promoFlow.Single_Money_Campaign" time="83.696" errors="0" timestamp="2022-04-11T13:56:50 PKT" skipped="0">
  <testcase classname="webTestCases.clientPanel.promoFlow.Single_Money_Campaign" name="single_ProdMoney_Camp" time="83.696"/>
  <system-out/>
</testsuite> <!-- webTestCases.clientPanel.promoFlow.Single_Money_Campaign -->
