<?xml version="1.0" encoding="UTF-8"?>
<!-- Generated by org.testng.reporters.JUnitReportReporter -->
<testsuite hostname="DESKTOP-88991P0" failures="0" tests="1" name="controlPanel.users.UserRegister" time="259.892" errors="0" timestamp="2022-03-21T19:39:30 PKT" skipped="0">
  <testcase classname="controlPanel.users.UserRegister" name="registerUser" time="259.892"/>
  <system-out/>
</testsuite> <!-- controlPanel.users.UserRegister -->
