<?xml version="1.0" encoding="UTF-8"?>
<!-- Generated by org.testng.reporters.JUnitReportReporter -->
<testsuite hostname="DESKTOP-88991P0" failures="0" tests="3" name="webTestCases.controlPanel.Login" time="17.322" errors="0" timestamp="2022-06-09T15:18:14 PKT" skipped="0">
  <testcase classname="webTestCases.controlPanel.Login" name="correctCred" time="4.588"/>
  <system-out/>
  <testcase classname="webTestCases.controlPanel.Login" name="invalidCred" time="5.720"/>
  <system-out/>
  <testcase classname="webTestCases.controlPanel.Login" name="invalidPass" time="7.014"/>
  <system-out/>
</testsuite> <!-- webTestCases.controlPanel.Login -->
