<?xml version="1.0" encoding="UTF-8"?>
<!-- Generated by org.testng.reporters.JUnitReportReporter -->
<testsuite hostname="DESKTOP-88991P0" failures="0" tests="1" name="webTestCases.clientPanel.promoFlow.Check" time="14.095" errors="0" timestamp="2022-04-14T11:56:24 PKT" skipped="0">
  <testcase classname="webTestCases.clientPanel.promoFlow.Check" name="single_ProdMoney_Camp" time="14.095"/>
  <system-out/>
</testsuite> <!-- webTestCases.clientPanel.promoFlow.Check -->
