<?xml version="1.0" encoding="UTF-8"?>
<!-- Generated by org.testng.reporters.JUnitReportReporter -->
<testsuite hostname="DESKTOP-88991P0" failures="0" tests="1" name="webTestCases.clientPanel.promoFlow.Campaign_Preview" time="42.478" errors="0" timestamp="2022-05-13T15:04:30 PKT" skipped="0">
  <testcase classname="webTestCases.clientPanel.promoFlow.Campaign_Preview" name="campaignPreview" time="42.478"/>
  <system-out/>
</testsuite> <!-- webTestCases.clientPanel.promoFlow.Campaign_Preview -->
